{"/Users/User/bc-internship/bocacode-intranet-api-typescript/src/index.ts": {"path":"/Users/User/bc-internship/bocacode-intranet-api-typescript/src/index.ts","statementMap":{"0":{"start":{"line":1,"column":0},"end":{"line":1,"column":29}},"1":{"start":{"line":2,"column":0},"end":{"line":2,"column":23}},"2":{"start":{"line":3,"column":0},"end":{"line":3,"column":22}},"3":{"start":{"line":5,"column":0},"end":{"line":5,"column":54}},"4":{"start":{"line":7,"column":13},"end":{"line":7,"column":null}},"5":{"start":{"line":8,"column":0},"end":{"line":8,"column":null}},"6":{"start":{"line":9,"column":0},"end":{"line":9,"column":null}},"7":{"start":{"line":11,"column":0},"end":{"line":11,"column":null}},"8":{"start":{"line":11,"column":43},"end":{"line":11,"column":93}},"9":{"start":{"line":13,"column":0},"end":{"line":13,"column":44}},"10":{"start":{"line":14,"column":0},"end":{"line":14,"column":null}},"11":{"start":{"line":16,"column":0},"end":{"line":16,"column":42}},"12":{"start":{"line":17,"column":0},"end":{"line":17,"column":null}},"13":{"start":{"line":19,"column":0},"end":{"line":19,"column":56}},"14":{"start":{"line":20,"column":0},"end":{"line":20,"column":null}},"15":{"start":{"line":22,"column":0},"end":{"line":22,"column":52}},"16":{"start":{"line":23,"column":0},"end":{"line":23,"column":null}},"17":{"start":{"line":25,"column":0},"end":{"line":25,"column":51}},"18":{"start":{"line":26,"column":0},"end":{"line":26,"column":null}},"19":{"start":{"line":28,"column":0},"end":{"line":28,"column":52}},"20":{"start":{"line":29,"column":0},"end":{"line":29,"column":null}},"21":{"start":{"line":31,"column":0},"end":{"line":31,"column":44}},"22":{"start":{"line":32,"column":0},"end":{"line":32,"column":null}},"23":{"start":{"line":34,"column":0},"end":{"line":34,"column":42}},"24":{"start":{"line":35,"column":0},"end":{"line":35,"column":null}},"25":{"start":{"line":37,"column":0},"end":{"line":37,"column":46}},"26":{"start":{"line":38,"column":0},"end":{"line":38,"column":null}},"27":{"start":{"line":40,"column":0},"end":{"line":40,"column":62}},"28":{"start":{"line":41,"column":0},"end":{"line":41,"column":null}},"29":{"start":{"line":43,"column":0},"end":{"line":43,"column":42}},"30":{"start":{"line":44,"column":0},"end":{"line":44,"column":null}},"31":{"start":{"line":46,"column":0},"end":{"line":46,"column":50}},"32":{"start":{"line":47,"column":0},"end":{"line":47,"column":null}},"33":{"start":{"line":49,"column":0},"end":{"line":49,"column":52}},"34":{"start":{"line":50,"column":0},"end":{"line":50,"column":null}},"35":{"start":{"line":52,"column":0},"end":{"line":52,"column":57}},"36":{"start":{"line":53,"column":0},"end":{"line":53,"column":null}},"37":{"start":{"line":55,"column":0},"end":{"line":55,"column":null}}},"fnMap":{"0":{"name":"(anonymous_1)","decl":{"start":{"line":11,"column":37},"end":{"line":11,"column":40}},"loc":{"start":{"line":11,"column":43},"end":{"line":11,"column":93}}}},"branchMap":{"0":{"loc":{"start":{"line":11,"column":11},"end":{"line":11,"column":35}},"type":"binary-expr","locations":[{"start":{"line":11,"column":11},"end":{"line":11,"column":27}},{"start":{"line":11,"column":31},"end":{"line":11,"column":35}}]}},"s":{"0":1,"1":1,"2":1,"3":1,"4":1,"5":1,"6":1,"7":1,"8":1,"9":1,"10":1,"11":1,"12":1,"13":1,"14":1,"15":1,"16":1,"17":1,"18":1,"19":1,"20":1,"21":1,"22":1,"23":1,"24":1,"25":1,"26":1,"27":1,"28":1,"29":1,"30":1,"31":1,"32":1,"33":1,"34":1,"35":1,"36":1,"37":1},"f":{"0":1},"b":{"0":[1,0]}}
,"/Users/User/bc-internship/bocacode-intranet-api-typescript/src/controllers/codeChallengesController.ts": {"path":"/Users/User/bc-internship/bocacode-intranet-api-typescript/src/controllers/codeChallengesController.ts","statementMap":{"0":{"start":{"line":3,"column":0},"end":{"line":3,"column":47}},"1":{"start":{"line":4,"column":0},"end":{"line":4,"column":57}},"2":{"start":{"line":5,"column":0},"end":{"line":5,"column":40}},"3":{"start":{"line":7,"column":48},"end":{"line":36,"column":3}},"4":{"start":{"line":8,"column":2},"end":{"line":8,"column":null}},"5":{"start":{"line":8,"column":29},"end":{"line":8,"column":null}},"6":{"start":{"line":9,"column":2},"end":{"line":35,"column":null}},"7":{"start":{"line":10,"column":35},"end":{"line":10,"column":108}},"8":{"start":{"line":11,"column":4},"end":{"line":13,"column":null}},"9":{"start":{"line":12,"column":6},"end":{"line":12,"column":null}},"10":{"start":{"line":15,"column":29},"end":{"line":15,"column":67}},"11":{"start":{"line":17,"column":33},"end":{"line":17,"column":78}},"12":{"start":{"line":19,"column":4},"end":{"line":31,"column":null}},"13":{"start":{"line":20,"column":18},"end":{"line":25,"column":null}},"14":{"start":{"line":26,"column":6},"end":{"line":26,"column":null}},"15":{"start":{"line":28,"column":8},"end":{"line":28,"column":null}},"16":{"start":{"line":30,"column":8},"end":{"line":30,"column":null}},"17":{"start":{"line":33,"column":6},"end":{"line":33,"column":null}},"18":{"start":{"line":34,"column":6},"end":{"line":34,"column":null}},"19":{"start":{"line":7,"column":13},"end":{"line":7,"column":48}},"20":{"start":{"line":38,"column":51},"end":{"line":61,"column":1}},"21":{"start":{"line":39,"column":2},"end":{"line":39,"column":null}},"22":{"start":{"line":39,"column":30},"end":{"line":39,"column":null}},"23":{"start":{"line":40,"column":2},"end":{"line":40,"column":null}},"24":{"start":{"line":40,"column":19},"end":{"line":40,"column":null}},"25":{"start":{"line":42,"column":2},"end":{"line":60,"column":null}},"26":{"start":{"line":43,"column":33},"end":{"line":45,"column":null}},"27":{"start":{"line":47,"column":4},"end":{"line":57,"column":null}},"28":{"start":{"line":48,"column":18},"end":{"line":53,"column":null}},"29":{"start":{"line":54,"column":6},"end":{"line":54,"column":null}},"30":{"start":{"line":56,"column":6},"end":{"line":56,"column":null}},"31":{"start":{"line":59,"column":4},"end":{"line":59,"column":null}},"32":{"start":{"line":38,"column":13},"end":{"line":38,"column":51}},"33":{"start":{"line":63,"column":49},"end":{"line":70,"column":1}},"34":{"start":{"line":64,"column":2},"end":{"line":69,"column":null}},"35":{"start":{"line":65,"column":30},"end":{"line":65,"column":57}},"36":{"start":{"line":66,"column":4},"end":{"line":66,"column":null}},"37":{"start":{"line":68,"column":4},"end":{"line":68,"column":null}},"38":{"start":{"line":63,"column":13},"end":{"line":63,"column":49}},"39":{"start":{"line":72,"column":52},"end":{"line":95,"column":1}},"40":{"start":{"line":73,"column":2},"end":{"line":73,"column":null}},"41":{"start":{"line":73,"column":19},"end":{"line":73,"column":null}},"42":{"start":{"line":75,"column":2},"end":{"line":94,"column":null}},"43":{"start":{"line":76,"column":19},"end":{"line":76,"column":29}},"44":{"start":{"line":77,"column":33},"end":{"line":79,"column":null}},"45":{"start":{"line":82,"column":4},"end":{"line":91,"column":null}},"46":{"start":{"line":83,"column":18},"end":{"line":88,"column":null}},"47":{"start":{"line":89,"column":6},"end":{"line":89,"column":null}},"48":{"start":{"line":90,"column":6},"end":{"line":90,"column":null}},"49":{"start":{"line":93,"column":4},"end":{"line":93,"column":null}},"50":{"start":{"line":72,"column":13},"end":{"line":72,"column":52}}},"fnMap":{"0":{"name":"(anonymous_1)","decl":{"start":{"line":7,"column":48},"end":{"line":7,"column":53}},"loc":{"start":{"line":7,"column":67},"end":{"line":36,"column":3}}},"1":{"name":"(anonymous_2)","decl":{"start":{"line":38,"column":51},"end":{"line":38,"column":56}},"loc":{"start":{"line":38,"column":70},"end":{"line":61,"column":1}}},"2":{"name":"(anonymous_3)","decl":{"start":{"line":63,"column":49},"end":{"line":63,"column":54}},"loc":{"start":{"line":63,"column":68},"end":{"line":70,"column":1}}},"3":{"name":"(anonymous_4)","decl":{"start":{"line":72,"column":52},"end":{"line":72,"column":57}},"loc":{"start":{"line":72,"column":71},"end":{"line":95,"column":1}}}},"branchMap":{"0":{"loc":{"start":{"line":8,"column":2},"end":{"line":8,"column":null}},"type":"if","locations":[{"start":{"line":8,"column":2},"end":{"line":8,"column":null}}]},"1":{"loc":{"start":{"line":10,"column":35},"end":{"line":10,"column":108}},"type":"cond-expr","locations":[{"start":{"line":10,"column":50},"end":{"line":10,"column":101}},{"start":{"line":10,"column":104},"end":{"line":10,"column":108}}]},"2":{"loc":{"start":{"line":11,"column":4},"end":{"line":13,"column":null}},"type":"if","locations":[{"start":{"line":11,"column":4},"end":{"line":13,"column":null}}]},"3":{"loc":{"start":{"line":19,"column":4},"end":{"line":31,"column":null}},"type":"if","locations":[{"start":{"line":19,"column":4},"end":{"line":31,"column":null}},{"start":{"line":29,"column":13},"end":{"line":31,"column":null}}]},"4":{"loc":{"start":{"line":39,"column":2},"end":{"line":39,"column":null}},"type":"if","locations":[{"start":{"line":39,"column":2},"end":{"line":39,"column":null}}]},"5":{"loc":{"start":{"line":40,"column":2},"end":{"line":40,"column":null}},"type":"if","locations":[{"start":{"line":40,"column":2},"end":{"line":40,"column":null}}]},"6":{"loc":{"start":{"line":47,"column":4},"end":{"line":57,"column":null}},"type":"if","locations":[{"start":{"line":47,"column":4},"end":{"line":57,"column":null}}]},"7":{"loc":{"start":{"line":73,"column":2},"end":{"line":73,"column":null}},"type":"if","locations":[{"start":{"line":73,"column":2},"end":{"line":73,"column":null}}]},"8":{"loc":{"start":{"line":82,"column":4},"end":{"line":91,"column":null}},"type":"if","locations":[{"start":{"line":82,"column":4},"end":{"line":91,"column":null}}]}},"s":{"0":1,"1":1,"2":1,"3":1,"4":0,"5":0,"6":0,"7":0,"8":0,"9":0,"10":0,"11":0,"12":0,"13":0,"14":0,"15":0,"16":0,"17":0,"18":0,"19":1,"20":1,"21":0,"22":0,"23":0,"24":0,"25":0,"26":0,"27":0,"28":0,"29":0,"30":0,"31":0,"32":1,"33":1,"34":0,"35":0,"36":0,"37":0,"38":1,"39":1,"40":0,"41":0,"42":0,"43":0,"44":0,"45":0,"46":0,"47":0,"48":0,"49":0,"50":1},"f":{"0":0,"1":0,"2":0,"3":0},"b":{"0":[0],"1":[0,0],"2":[0],"3":[0,0],"4":[0],"5":[0],"6":[0],"7":[0],"8":[0]}}
,"/Users/User/bc-internship/bocacode-intranet-api-typescript/src/controllers/eventsController.ts": {"path":"/Users/User/bc-internship/bocacode-intranet-api-typescript/src/controllers/eventsController.ts","statementMap":{"0":{"start":{"line":3,"column":0},"end":{"line":3,"column":47}},"1":{"start":{"line":4,"column":0},"end":{"line":4,"column":41}},"2":{"start":{"line":5,"column":0},"end":{"line":5,"column":40}},"3":{"start":{"line":7,"column":40},"end":{"line":32,"column":1}},"4":{"start":{"line":8,"column":2},"end":{"line":31,"column":null}},"5":{"start":{"line":9,"column":4},"end":{"line":30,"column":null}},"6":{"start":{"line":10,"column":23},"end":{"line":10,"column":91}},"7":{"start":{"line":12,"column":27},"end":{"line":12,"column":56}},"8":{"start":{"line":14,"column":6},"end":{"line":26,"column":null}},"9":{"start":{"line":15,"column":20},"end":{"line":20,"column":null}},"10":{"start":{"line":21,"column":8},"end":{"line":21,"column":null}},"11":{"start":{"line":23,"column":8},"end":{"line":23,"column":null}},"12":{"start":{"line":25,"column":8},"end":{"line":25,"column":null}},"13":{"start":{"line":28,"column":6},"end":{"line":28,"column":null}},"14":{"start":{"line":29,"column":6},"end":{"line":29,"column":null}},"15":{"start":{"line":7,"column":13},"end":{"line":7,"column":40}},"16":{"start":{"line":34,"column":43},"end":{"line":60,"column":1}},"17":{"start":{"line":35,"column":2},"end":{"line":35,"column":null}},"18":{"start":{"line":35,"column":30},"end":{"line":35,"column":null}},"19":{"start":{"line":36,"column":2},"end":{"line":36,"column":null}},"20":{"start":{"line":36,"column":19},"end":{"line":36,"column":null}},"21":{"start":{"line":38,"column":2},"end":{"line":59,"column":null}},"22":{"start":{"line":39,"column":4},"end":{"line":55,"column":null}},"23":{"start":{"line":40,"column":27},"end":{"line":40,"column":115}},"24":{"start":{"line":42,"column":6},"end":{"line":52,"column":null}},"25":{"start":{"line":43,"column":20},"end":{"line":48,"column":null}},"26":{"start":{"line":49,"column":8},"end":{"line":49,"column":null}},"27":{"start":{"line":51,"column":8},"end":{"line":51,"column":null}},"28":{"start":{"line":54,"column":6},"end":{"line":54,"column":null}},"29":{"start":{"line":56,"column":9},"end":{"line":59,"column":null}},"30":{"start":{"line":57,"column":4},"end":{"line":57,"column":null}},"31":{"start":{"line":58,"column":4},"end":{"line":58,"column":null}},"32":{"start":{"line":34,"column":13},"end":{"line":34,"column":43}},"33":{"start":{"line":62,"column":41},"end":{"line":69,"column":1}},"34":{"start":{"line":63,"column":2},"end":{"line":68,"column":null}},"35":{"start":{"line":64,"column":22},"end":{"line":64,"column":41}},"36":{"start":{"line":65,"column":4},"end":{"line":65,"column":null}},"37":{"start":{"line":67,"column":4},"end":{"line":67,"column":null}},"38":{"start":{"line":62,"column":13},"end":{"line":62,"column":41}},"39":{"start":{"line":71,"column":40},"end":{"line":80,"column":3}},"40":{"start":{"line":72,"column":2},"end":{"line":72,"column":null}},"41":{"start":{"line":72,"column":18},"end":{"line":72,"column":null}},"42":{"start":{"line":73,"column":4},"end":{"line":79,"column":null}},"43":{"start":{"line":74,"column":21},"end":{"line":74,"column":31}},"44":{"start":{"line":75,"column":24},"end":{"line":75,"column":55}},"45":{"start":{"line":76,"column":6},"end":{"line":76,"column":null}},"46":{"start":{"line":78,"column":6},"end":{"line":78,"column":null}},"47":{"start":{"line":71,"column":13},"end":{"line":71,"column":40}},"48":{"start":{"line":83,"column":44},"end":{"line":104,"column":1}},"49":{"start":{"line":84,"column":2},"end":{"line":84,"column":null}},"50":{"start":{"line":84,"column":19},"end":{"line":84,"column":null}},"51":{"start":{"line":85,"column":2},"end":{"line":103,"column":null}},"52":{"start":{"line":86,"column":19},"end":{"line":86,"column":29}},"53":{"start":{"line":87,"column":25},"end":{"line":87,"column":97}},"54":{"start":{"line":89,"column":4},"end":{"line":100,"column":null}},"55":{"start":{"line":90,"column":18},"end":{"line":95,"column":null}},"56":{"start":{"line":96,"column":6},"end":{"line":96,"column":null}},"57":{"start":{"line":97,"column":6},"end":{"line":97,"column":null}},"58":{"start":{"line":99,"column":6},"end":{"line":99,"column":null}},"59":{"start":{"line":102,"column":4},"end":{"line":102,"column":null}},"60":{"start":{"line":83,"column":13},"end":{"line":83,"column":44}}},"fnMap":{"0":{"name":"(anonymous_1)","decl":{"start":{"line":7,"column":40},"end":{"line":7,"column":45}},"loc":{"start":{"line":7,"column":59},"end":{"line":32,"column":1}}},"1":{"name":"(anonymous_2)","decl":{"start":{"line":34,"column":43},"end":{"line":34,"column":48}},"loc":{"start":{"line":34,"column":62},"end":{"line":60,"column":1}}},"2":{"name":"(anonymous_3)","decl":{"start":{"line":62,"column":41},"end":{"line":62,"column":46}},"loc":{"start":{"line":62,"column":60},"end":{"line":69,"column":1}}},"3":{"name":"(anonymous_4)","decl":{"start":{"line":71,"column":40},"end":{"line":71,"column":45}},"loc":{"start":{"line":71,"column":59},"end":{"line":80,"column":3}}},"4":{"name":"(anonymous_5)","decl":{"start":{"line":83,"column":44},"end":{"line":83,"column":49}},"loc":{"start":{"line":83,"column":63},"end":{"line":104,"column":1}}}},"branchMap":{"0":{"loc":{"start":{"line":8,"column":2},"end":{"line":31,"column":null}},"type":"if","locations":[{"start":{"line":8,"column":2},"end":{"line":31,"column":null}}]},"1":{"loc":{"start":{"line":8,"column":6},"end":{"line":8,"column":39}},"type":"binary-expr","locations":[{"start":{"line":8,"column":6},"end":{"line":8,"column":27}},{"start":{"line":8,"column":31},"end":{"line":8,"column":39}}]},"2":{"loc":{"start":{"line":14,"column":6},"end":{"line":26,"column":null}},"type":"if","locations":[{"start":{"line":14,"column":6},"end":{"line":26,"column":null}},{"start":{"line":24,"column":13},"end":{"line":26,"column":null}}]},"3":{"loc":{"start":{"line":35,"column":2},"end":{"line":35,"column":null}},"type":"if","locations":[{"start":{"line":35,"column":2},"end":{"line":35,"column":null}}]},"4":{"loc":{"start":{"line":36,"column":2},"end":{"line":36,"column":null}},"type":"if","locations":[{"start":{"line":36,"column":2},"end":{"line":36,"column":null}}]},"5":{"loc":{"start":{"line":38,"column":2},"end":{"line":59,"column":null}},"type":"if","locations":[{"start":{"line":38,"column":2},"end":{"line":59,"column":null}},{"start":{"line":56,"column":9},"end":{"line":59,"column":null}}]},"6":{"loc":{"start":{"line":42,"column":6},"end":{"line":52,"column":null}},"type":"if","locations":[{"start":{"line":42,"column":6},"end":{"line":52,"column":null}}]},"7":{"loc":{"start":{"line":56,"column":9},"end":{"line":59,"column":null}},"type":"if","locations":[{"start":{"line":56,"column":9},"end":{"line":59,"column":null}}]},"8":{"loc":{"start":{"line":72,"column":2},"end":{"line":72,"column":null}},"type":"if","locations":[{"start":{"line":72,"column":2},"end":{"line":72,"column":null}}]},"9":{"loc":{"start":{"line":84,"column":2},"end":{"line":84,"column":null}},"type":"if","locations":[{"start":{"line":84,"column":2},"end":{"line":84,"column":null}}]},"10":{"loc":{"start":{"line":89,"column":4},"end":{"line":100,"column":null}},"type":"if","locations":[{"start":{"line":89,"column":4},"end":{"line":100,"column":null}},{"start":{"line":98,"column":11},"end":{"line":100,"column":null}}]}},"s":{"0":1,"1":1,"2":1,"3":1,"4":0,"5":0,"6":0,"7":0,"8":0,"9":0,"10":0,"11":0,"12":0,"13":0,"14":0,"15":1,"16":1,"17":0,"18":0,"19":0,"20":0,"21":0,"22":0,"23":0,"24":0,"25":0,"26":0,"27":0,"28":0,"29":0,"30":0,"31":0,"32":1,"33":1,"34":0,"35":0,"36":0,"37":0,"38":1,"39":1,"40":0,"41":0,"42":0,"43":0,"44":0,"45":0,"46":0,"47":1,"48":1,"49":0,"50":0,"51":0,"52":0,"53":0,"54":0,"55":0,"56":0,"57":0,"58":0,"59":0,"60":1},"f":{"0":0,"1":0,"2":0,"3":0,"4":0},"b":{"0":[0],"1":[0,0],"2":[0,0],"3":[0],"4":[0],"5":[0,0],"6":[0],"7":[0],"8":[0],"9":[0],"10":[0,0]}}
,"/Users/User/bc-internship/bocacode-intranet-api-typescript/src/controllers/homeworkController.ts": {"path":"/Users/User/bc-internship/bocacode-intranet-api-typescript/src/controllers/homeworkController.ts","statementMap":{"0":{"start":{"line":3,"column":0},"end":{"line":3,"column":47}},"1":{"start":{"line":4,"column":0},"end":{"line":4,"column":47}},"2":{"start":{"line":5,"column":0},"end":{"line":5,"column":40}},"3":{"start":{"line":7,"column":43},"end":{"line":37,"column":1}},"4":{"start":{"line":8,"column":2},"end":{"line":36,"column":null}},"5":{"start":{"line":9,"column":4},"end":{"line":35,"column":null}},"6":{"start":{"line":10,"column":32},"end":{"line":10,"column":100}},"7":{"start":{"line":11,"column":6},"end":{"line":13,"column":null}},"8":{"start":{"line":12,"column":8},"end":{"line":12,"column":null}},"9":{"start":{"line":15,"column":26},"end":{"line":15,"column":64}},"10":{"start":{"line":17,"column":30},"end":{"line":17,"column":65}},"11":{"start":{"line":19,"column":6},"end":{"line":31,"column":null}},"12":{"start":{"line":20,"column":20},"end":{"line":25,"column":null}},"13":{"start":{"line":26,"column":8},"end":{"line":26,"column":null}},"14":{"start":{"line":28,"column":8},"end":{"line":28,"column":null}},"15":{"start":{"line":30,"column":8},"end":{"line":30,"column":null}},"16":{"start":{"line":33,"column":6},"end":{"line":33,"column":null}},"17":{"start":{"line":34,"column":6},"end":{"line":34,"column":null}},"18":{"start":{"line":7,"column":13},"end":{"line":7,"column":43}},"19":{"start":{"line":39,"column":46},"end":{"line":65,"column":1}},"20":{"start":{"line":40,"column":2},"end":{"line":40,"column":null}},"21":{"start":{"line":40,"column":30},"end":{"line":40,"column":null}},"22":{"start":{"line":41,"column":2},"end":{"line":41,"column":null}},"23":{"start":{"line":41,"column":19},"end":{"line":41,"column":null}},"24":{"start":{"line":43,"column":2},"end":{"line":64,"column":null}},"25":{"start":{"line":44,"column":4},"end":{"line":60,"column":null}},"26":{"start":{"line":45,"column":30},"end":{"line":45,"column":106}},"27":{"start":{"line":47,"column":6},"end":{"line":57,"column":null}},"28":{"start":{"line":48,"column":20},"end":{"line":53,"column":null}},"29":{"start":{"line":54,"column":8},"end":{"line":54,"column":null}},"30":{"start":{"line":56,"column":8},"end":{"line":56,"column":null}},"31":{"start":{"line":59,"column":6},"end":{"line":59,"column":null}},"32":{"start":{"line":61,"column":9},"end":{"line":64,"column":null}},"33":{"start":{"line":62,"column":4},"end":{"line":62,"column":null}},"34":{"start":{"line":63,"column":4},"end":{"line":63,"column":null}},"35":{"start":{"line":39,"column":13},"end":{"line":39,"column":46}},"36":{"start":{"line":67,"column":44},"end":{"line":76,"column":1}},"37":{"start":{"line":68,"column":2},"end":{"line":68,"column":null}},"38":{"start":{"line":70,"column":2},"end":{"line":75,"column":null}},"39":{"start":{"line":71,"column":24},"end":{"line":71,"column":46}},"40":{"start":{"line":72,"column":4},"end":{"line":72,"column":null}},"41":{"start":{"line":74,"column":4},"end":{"line":74,"column":null}},"42":{"start":{"line":67,"column":13},"end":{"line":67,"column":44}},"43":{"start":{"line":78,"column":47},"end":{"line":98,"column":1}},"44":{"start":{"line":79,"column":2},"end":{"line":79,"column":null}},"45":{"start":{"line":79,"column":19},"end":{"line":79,"column":null}},"46":{"start":{"line":81,"column":2},"end":{"line":97,"column":null}},"47":{"start":{"line":82,"column":27},"end":{"line":82,"column":37}},"48":{"start":{"line":83,"column":28},"end":{"line":83,"column":111}},"49":{"start":{"line":85,"column":4},"end":{"line":94,"column":null}},"50":{"start":{"line":86,"column":18},"end":{"line":91,"column":null}},"51":{"start":{"line":92,"column":6},"end":{"line":92,"column":null}},"52":{"start":{"line":93,"column":6},"end":{"line":93,"column":null}},"53":{"start":{"line":96,"column":4},"end":{"line":96,"column":null}},"54":{"start":{"line":78,"column":13},"end":{"line":78,"column":47}}},"fnMap":{"0":{"name":"(anonymous_1)","decl":{"start":{"line":7,"column":43},"end":{"line":7,"column":48}},"loc":{"start":{"line":7,"column":62},"end":{"line":37,"column":1}}},"1":{"name":"(anonymous_2)","decl":{"start":{"line":39,"column":46},"end":{"line":39,"column":51}},"loc":{"start":{"line":39,"column":65},"end":{"line":65,"column":1}}},"2":{"name":"(anonymous_3)","decl":{"start":{"line":67,"column":44},"end":{"line":67,"column":49}},"loc":{"start":{"line":67,"column":63},"end":{"line":76,"column":1}}},"3":{"name":"(anonymous_4)","decl":{"start":{"line":78,"column":47},"end":{"line":78,"column":52}},"loc":{"start":{"line":78,"column":66},"end":{"line":98,"column":1}}}},"branchMap":{"0":{"loc":{"start":{"line":8,"column":2},"end":{"line":36,"column":null}},"type":"if","locations":[{"start":{"line":8,"column":2},"end":{"line":36,"column":null}}]},"1":{"loc":{"start":{"line":8,"column":6},"end":{"line":8,"column":39}},"type":"binary-expr","locations":[{"start":{"line":8,"column":6},"end":{"line":8,"column":27}},{"start":{"line":8,"column":31},"end":{"line":8,"column":39}}]},"2":{"loc":{"start":{"line":10,"column":32},"end":{"line":10,"column":100}},"type":"cond-expr","locations":[{"start":{"line":10,"column":47},"end":{"line":10,"column":93}},{"start":{"line":10,"column":96},"end":{"line":10,"column":100}}]},"3":{"loc":{"start":{"line":11,"column":6},"end":{"line":13,"column":null}},"type":"if","locations":[{"start":{"line":11,"column":6},"end":{"line":13,"column":null}}]},"4":{"loc":{"start":{"line":19,"column":6},"end":{"line":31,"column":null}},"type":"if","locations":[{"start":{"line":19,"column":6},"end":{"line":31,"column":null}},{"start":{"line":29,"column":13},"end":{"line":31,"column":null}}]},"5":{"loc":{"start":{"line":40,"column":2},"end":{"line":40,"column":null}},"type":"if","locations":[{"start":{"line":40,"column":2},"end":{"line":40,"column":null}}]},"6":{"loc":{"start":{"line":41,"column":2},"end":{"line":41,"column":null}},"type":"if","locations":[{"start":{"line":41,"column":2},"end":{"line":41,"column":null}}]},"7":{"loc":{"start":{"line":43,"column":2},"end":{"line":64,"column":null}},"type":"if","locations":[{"start":{"line":43,"column":2},"end":{"line":64,"column":null}},{"start":{"line":61,"column":9},"end":{"line":64,"column":null}}]},"8":{"loc":{"start":{"line":47,"column":6},"end":{"line":57,"column":null}},"type":"if","locations":[{"start":{"line":47,"column":6},"end":{"line":57,"column":null}}]},"9":{"loc":{"start":{"line":61,"column":9},"end":{"line":64,"column":null}},"type":"if","locations":[{"start":{"line":61,"column":9},"end":{"line":64,"column":null}}]},"10":{"loc":{"start":{"line":79,"column":2},"end":{"line":79,"column":null}},"type":"if","locations":[{"start":{"line":79,"column":2},"end":{"line":79,"column":null}}]},"11":{"loc":{"start":{"line":85,"column":4},"end":{"line":94,"column":null}},"type":"if","locations":[{"start":{"line":85,"column":4},"end":{"line":94,"column":null}}]}},"s":{"0":1,"1":1,"2":1,"3":1,"4":0,"5":0,"6":0,"7":0,"8":0,"9":0,"10":0,"11":0,"12":0,"13":0,"14":0,"15":0,"16":0,"17":0,"18":1,"19":1,"20":0,"21":0,"22":0,"23":0,"24":0,"25":0,"26":0,"27":0,"28":0,"29":0,"30":0,"31":0,"32":0,"33":0,"34":0,"35":1,"36":1,"37":0,"38":0,"39":0,"40":0,"41":0,"42":1,"43":1,"44":0,"45":0,"46":0,"47":0,"48":0,"49":0,"50":0,"51":0,"52":0,"53":0,"54":1},"f":{"0":0,"1":0,"2":0,"3":0},"b":{"0":[0],"1":[0,0],"2":[0,0],"3":[0],"4":[0,0],"5":[0],"6":[0],"7":[0,0],"8":[0],"9":[0],"10":[0],"11":[0]}}
,"/Users/User/bc-internship/bocacode-intranet-api-typescript/src/controllers/jobsController.ts": {"path":"/Users/User/bc-internship/bocacode-intranet-api-typescript/src/controllers/jobsController.ts","statementMap":{"0":{"start":{"line":3,"column":0},"end":{"line":3,"column":47}},"1":{"start":{"line":4,"column":0},"end":{"line":4,"column":36}},"2":{"start":{"line":5,"column":0},"end":{"line":5,"column":40}},"3":{"start":{"line":7,"column":38},"end":{"line":37,"column":1}},"4":{"start":{"line":8,"column":2},"end":{"line":8,"column":null}},"5":{"start":{"line":8,"column":29},"end":{"line":8,"column":null}},"6":{"start":{"line":9,"column":2},"end":{"line":9,"column":null}},"7":{"start":{"line":9,"column":39},"end":{"line":9,"column":null}},"8":{"start":{"line":10,"column":2},"end":{"line":36,"column":null}},"9":{"start":{"line":11,"column":25},"end":{"line":11,"column":87}},"10":{"start":{"line":12,"column":4},"end":{"line":14,"column":null}},"11":{"start":{"line":13,"column":6},"end":{"line":13,"column":null}},"12":{"start":{"line":16,"column":19},"end":{"line":16,"column":87}},"13":{"start":{"line":18,"column":23},"end":{"line":18,"column":47}},"14":{"start":{"line":20,"column":4},"end":{"line":32,"column":null}},"15":{"start":{"line":21,"column":18},"end":{"line":26,"column":null}},"16":{"start":{"line":27,"column":6},"end":{"line":27,"column":null}},"17":{"start":{"line":29,"column":6},"end":{"line":29,"column":null}},"18":{"start":{"line":31,"column":6},"end":{"line":31,"column":null}},"19":{"start":{"line":34,"column":4},"end":{"line":34,"column":null}},"20":{"start":{"line":35,"column":4},"end":{"line":35,"column":null}},"21":{"start":{"line":7,"column":13},"end":{"line":7,"column":38}},"22":{"start":{"line":39,"column":41},"end":{"line":62,"column":1}},"23":{"start":{"line":40,"column":2},"end":{"line":40,"column":null}},"24":{"start":{"line":40,"column":30},"end":{"line":40,"column":null}},"25":{"start":{"line":41,"column":2},"end":{"line":41,"column":null}},"26":{"start":{"line":41,"column":19},"end":{"line":41,"column":null}},"27":{"start":{"line":43,"column":2},"end":{"line":61,"column":null}},"28":{"start":{"line":44,"column":4},"end":{"line":60,"column":null}},"29":{"start":{"line":45,"column":25},"end":{"line":45,"column":95}},"30":{"start":{"line":47,"column":6},"end":{"line":57,"column":null}},"31":{"start":{"line":48,"column":20},"end":{"line":53,"column":null}},"32":{"start":{"line":54,"column":8},"end":{"line":54,"column":null}},"33":{"start":{"line":56,"column":8},"end":{"line":56,"column":null}},"34":{"start":{"line":59,"column":6},"end":{"line":59,"column":null}},"35":{"start":{"line":39,"column":13},"end":{"line":39,"column":41}},"36":{"start":{"line":64,"column":39},"end":{"line":71,"column":1}},"37":{"start":{"line":65,"column":2},"end":{"line":70,"column":null}},"38":{"start":{"line":66,"column":20},"end":{"line":66,"column":36}},"39":{"start":{"line":67,"column":4},"end":{"line":67,"column":null}},"40":{"start":{"line":69,"column":4},"end":{"line":69,"column":null}},"41":{"start":{"line":64,"column":13},"end":{"line":64,"column":39}},"42":{"start":{"line":73,"column":38},"end":{"line":82,"column":3}},"43":{"start":{"line":74,"column":2},"end":{"line":74,"column":null}},"44":{"start":{"line":74,"column":19},"end":{"line":74,"column":null}},"45":{"start":{"line":75,"column":4},"end":{"line":81,"column":null}},"46":{"start":{"line":76,"column":19},"end":{"line":76,"column":29}},"47":{"start":{"line":77,"column":24},"end":{"line":77,"column":52}},"48":{"start":{"line":78,"column":6},"end":{"line":78,"column":null}},"49":{"start":{"line":80,"column":6},"end":{"line":80,"column":null}},"50":{"start":{"line":73,"column":13},"end":{"line":73,"column":38}},"51":{"start":{"line":84,"column":42},"end":{"line":105,"column":1}},"52":{"start":{"line":85,"column":2},"end":{"line":85,"column":null}},"53":{"start":{"line":85,"column":19},"end":{"line":85,"column":null}},"54":{"start":{"line":86,"column":2},"end":{"line":86,"column":null}},"55":{"start":{"line":86,"column":39},"end":{"line":86,"column":null}},"56":{"start":{"line":87,"column":2},"end":{"line":104,"column":null}},"57":{"start":{"line":88,"column":19},"end":{"line":88,"column":29}},"58":{"start":{"line":89,"column":4},"end":{"line":89,"column":null}},"59":{"start":{"line":90,"column":23},"end":{"line":90,"column":92}},"60":{"start":{"line":92,"column":4},"end":{"line":101,"column":null}},"61":{"start":{"line":93,"column":18},"end":{"line":98,"column":null}},"62":{"start":{"line":99,"column":6},"end":{"line":99,"column":null}},"63":{"start":{"line":100,"column":6},"end":{"line":100,"column":null}},"64":{"start":{"line":103,"column":4},"end":{"line":103,"column":null}},"65":{"start":{"line":84,"column":13},"end":{"line":84,"column":42}}},"fnMap":{"0":{"name":"(anonymous_1)","decl":{"start":{"line":7,"column":38},"end":{"line":7,"column":43}},"loc":{"start":{"line":7,"column":57},"end":{"line":37,"column":1}}},"1":{"name":"(anonymous_2)","decl":{"start":{"line":39,"column":41},"end":{"line":39,"column":46}},"loc":{"start":{"line":39,"column":60},"end":{"line":62,"column":1}}},"2":{"name":"(anonymous_3)","decl":{"start":{"line":64,"column":39},"end":{"line":64,"column":44}},"loc":{"start":{"line":64,"column":58},"end":{"line":71,"column":1}}},"3":{"name":"(anonymous_4)","decl":{"start":{"line":73,"column":38},"end":{"line":73,"column":43}},"loc":{"start":{"line":73,"column":57},"end":{"line":82,"column":3}}},"4":{"name":"(anonymous_5)","decl":{"start":{"line":84,"column":42},"end":{"line":84,"column":47}},"loc":{"start":{"line":84,"column":61},"end":{"line":105,"column":1}}}},"branchMap":{"0":{"loc":{"start":{"line":8,"column":2},"end":{"line":8,"column":null}},"type":"if","locations":[{"start":{"line":8,"column":2},"end":{"line":8,"column":null}}]},"1":{"loc":{"start":{"line":9,"column":2},"end":{"line":9,"column":null}},"type":"if","locations":[{"start":{"line":9,"column":2},"end":{"line":9,"column":null}}]},"2":{"loc":{"start":{"line":9,"column":6},"end":{"line":9,"column":39}},"type":"binary-expr","locations":[{"start":{"line":9,"column":6},"end":{"line":9,"column":15}},{"start":{"line":9,"column":19},"end":{"line":9,"column":39}}]},"3":{"loc":{"start":{"line":9,"column":20},"end":{"line":9,"column":37}},"type":"cond-expr","locations":[{"start":{"line":9,"column":28},"end":{"line":9,"column":30}},{"start":{"line":9,"column":28},"end":{"line":9,"column":37}}]},"4":{"loc":{"start":{"line":9,"column":20},"end":{"line":9,"column":30}},"type":"binary-expr","locations":[{"start":{"line":9,"column":20},"end":{"line":9,"column":30}},{"start":{"line":9,"column":28},"end":{"line":9,"column":30}}]},"5":{"loc":{"start":{"line":11,"column":25},"end":{"line":11,"column":87}},"type":"cond-expr","locations":[{"start":{"line":11,"column":40},"end":{"line":11,"column":80}},{"start":{"line":11,"column":83},"end":{"line":11,"column":87}}]},"6":{"loc":{"start":{"line":12,"column":4},"end":{"line":14,"column":null}},"type":"if","locations":[{"start":{"line":12,"column":4},"end":{"line":14,"column":null}}]},"7":{"loc":{"start":{"line":20,"column":4},"end":{"line":32,"column":null}},"type":"if","locations":[{"start":{"line":20,"column":4},"end":{"line":32,"column":null}},{"start":{"line":30,"column":11},"end":{"line":32,"column":null}}]},"8":{"loc":{"start":{"line":40,"column":2},"end":{"line":40,"column":null}},"type":"if","locations":[{"start":{"line":40,"column":2},"end":{"line":40,"column":null}}]},"9":{"loc":{"start":{"line":41,"column":2},"end":{"line":41,"column":null}},"type":"if","locations":[{"start":{"line":41,"column":2},"end":{"line":41,"column":null}}]},"10":{"loc":{"start":{"line":43,"column":2},"end":{"line":61,"column":null}},"type":"if","locations":[{"start":{"line":43,"column":2},"end":{"line":61,"column":null}}]},"11":{"loc":{"start":{"line":47,"column":6},"end":{"line":57,"column":null}},"type":"if","locations":[{"start":{"line":47,"column":6},"end":{"line":57,"column":null}}]},"12":{"loc":{"start":{"line":74,"column":2},"end":{"line":74,"column":null}},"type":"if","locations":[{"start":{"line":74,"column":2},"end":{"line":74,"column":null}}]},"13":{"loc":{"start":{"line":85,"column":2},"end":{"line":85,"column":null}},"type":"if","locations":[{"start":{"line":85,"column":2},"end":{"line":85,"column":null}}]},"14":{"loc":{"start":{"line":86,"column":2},"end":{"line":86,"column":null}},"type":"if","locations":[{"start":{"line":86,"column":2},"end":{"line":86,"column":null}}]},"15":{"loc":{"start":{"line":86,"column":6},"end":{"line":86,"column":39}},"type":"binary-expr","locations":[{"start":{"line":86,"column":6},"end":{"line":86,"column":15}},{"start":{"line":86,"column":19},"end":{"line":86,"column":39}}]},"16":{"loc":{"start":{"line":86,"column":20},"end":{"line":86,"column":37}},"type":"cond-expr","locations":[{"start":{"line":86,"column":28},"end":{"line":86,"column":30}},{"start":{"line":86,"column":28},"end":{"line":86,"column":37}}]},"17":{"loc":{"start":{"line":86,"column":20},"end":{"line":86,"column":30}},"type":"binary-expr","locations":[{"start":{"line":86,"column":20},"end":{"line":86,"column":30}},{"start":{"line":86,"column":28},"end":{"line":86,"column":30}}]},"18":{"loc":{"start":{"line":92,"column":4},"end":{"line":101,"column":null}},"type":"if","locations":[{"start":{"line":92,"column":4},"end":{"line":101,"column":null}}]}},"s":{"0":1,"1":1,"2":1,"3":1,"4":0,"5":0,"6":0,"7":0,"8":0,"9":0,"10":0,"11":0,"12":0,"13":0,"14":0,"15":0,"16":0,"17":0,"18":0,"19":0,"20":0,"21":1,"22":1,"23":0,"24":0,"25":0,"26":0,"27":0,"28":0,"29":0,"30":0,"31":0,"32":0,"33":0,"34":0,"35":1,"36":1,"37":0,"38":0,"39":0,"40":0,"41":1,"42":1,"43":0,"44":0,"45":0,"46":0,"47":0,"48":0,"49":0,"50":1,"51":1,"52":0,"53":0,"54":0,"55":0,"56":0,"57":0,"58":0,"59":0,"60":0,"61":0,"62":0,"63":0,"64":0,"65":1},"f":{"0":0,"1":0,"2":0,"3":0,"4":0},"b":{"0":[0],"1":[0],"2":[0,0],"3":[0,0],"4":[0,0],"5":[0,0],"6":[0],"7":[0,0],"8":[0],"9":[0],"10":[0],"11":[0],"12":[0],"13":[0],"14":[0],"15":[0,0],"16":[0,0],"17":[0,0],"18":[0]}}
,"/Users/User/bc-internship/bocacode-intranet-api-typescript/src/controllers/labsController.ts": {"path":"/Users/User/bc-internship/bocacode-intranet-api-typescript/src/controllers/labsController.ts","statementMap":{"0":{"start":{"line":3,"column":0},"end":{"line":3,"column":47}},"1":{"start":{"line":4,"column":0},"end":{"line":4,"column":37}},"2":{"start":{"line":5,"column":0},"end":{"line":5,"column":40}},"3":{"start":{"line":7,"column":38},"end":{"line":37,"column":1}},"4":{"start":{"line":8,"column":2},"end":{"line":36,"column":null}},"5":{"start":{"line":9,"column":4},"end":{"line":35,"column":null}},"6":{"start":{"line":10,"column":27},"end":{"line":10,"column":90}},"7":{"start":{"line":11,"column":6},"end":{"line":13,"column":null}},"8":{"start":{"line":12,"column":8},"end":{"line":12,"column":null}},"9":{"start":{"line":15,"column":21},"end":{"line":15,"column":59}},"10":{"start":{"line":17,"column":25},"end":{"line":17,"column":50}},"11":{"start":{"line":19,"column":6},"end":{"line":31,"column":null}},"12":{"start":{"line":20,"column":20},"end":{"line":25,"column":null}},"13":{"start":{"line":26,"column":8},"end":{"line":26,"column":null}},"14":{"start":{"line":28,"column":8},"end":{"line":28,"column":null}},"15":{"start":{"line":30,"column":8},"end":{"line":30,"column":null}},"16":{"start":{"line":33,"column":6},"end":{"line":33,"column":null}},"17":{"start":{"line":34,"column":6},"end":{"line":34,"column":null}},"18":{"start":{"line":7,"column":13},"end":{"line":7,"column":38}},"19":{"start":{"line":39,"column":41},"end":{"line":65,"column":1}},"20":{"start":{"line":40,"column":2},"end":{"line":40,"column":null}},"21":{"start":{"line":40,"column":30},"end":{"line":40,"column":null}},"22":{"start":{"line":41,"column":2},"end":{"line":41,"column":null}},"23":{"start":{"line":41,"column":19},"end":{"line":41,"column":null}},"24":{"start":{"line":43,"column":2},"end":{"line":64,"column":null}},"25":{"start":{"line":44,"column":4},"end":{"line":60,"column":null}},"26":{"start":{"line":45,"column":25},"end":{"line":45,"column":96}},"27":{"start":{"line":47,"column":6},"end":{"line":57,"column":null}},"28":{"start":{"line":48,"column":20},"end":{"line":53,"column":null}},"29":{"start":{"line":54,"column":8},"end":{"line":54,"column":null}},"30":{"start":{"line":56,"column":8},"end":{"line":56,"column":null}},"31":{"start":{"line":59,"column":6},"end":{"line":59,"column":null}},"32":{"start":{"line":61,"column":9},"end":{"line":64,"column":null}},"33":{"start":{"line":62,"column":4},"end":{"line":62,"column":null}},"34":{"start":{"line":63,"column":4},"end":{"line":63,"column":null}},"35":{"start":{"line":39,"column":13},"end":{"line":39,"column":41}},"36":{"start":{"line":67,"column":39},"end":{"line":74,"column":1}},"37":{"start":{"line":68,"column":2},"end":{"line":73,"column":null}},"38":{"start":{"line":69,"column":20},"end":{"line":69,"column":37}},"39":{"start":{"line":70,"column":4},"end":{"line":70,"column":null}},"40":{"start":{"line":72,"column":4},"end":{"line":72,"column":null}},"41":{"start":{"line":67,"column":13},"end":{"line":67,"column":39}},"42":{"start":{"line":76,"column":42},"end":{"line":96,"column":1}},"43":{"start":{"line":77,"column":2},"end":{"line":77,"column":null}},"44":{"start":{"line":77,"column":19},"end":{"line":77,"column":null}},"45":{"start":{"line":79,"column":2},"end":{"line":95,"column":null}},"46":{"start":{"line":80,"column":19},"end":{"line":80,"column":29}},"47":{"start":{"line":81,"column":23},"end":{"line":81,"column":93}},"48":{"start":{"line":83,"column":4},"end":{"line":92,"column":null}},"49":{"start":{"line":84,"column":18},"end":{"line":89,"column":null}},"50":{"start":{"line":90,"column":6},"end":{"line":90,"column":null}},"51":{"start":{"line":91,"column":6},"end":{"line":91,"column":null}},"52":{"start":{"line":94,"column":4},"end":{"line":94,"column":null}},"53":{"start":{"line":76,"column":13},"end":{"line":76,"column":42}}},"fnMap":{"0":{"name":"(anonymous_1)","decl":{"start":{"line":7,"column":38},"end":{"line":7,"column":43}},"loc":{"start":{"line":7,"column":57},"end":{"line":37,"column":1}}},"1":{"name":"(anonymous_2)","decl":{"start":{"line":39,"column":41},"end":{"line":39,"column":46}},"loc":{"start":{"line":39,"column":60},"end":{"line":65,"column":1}}},"2":{"name":"(anonymous_3)","decl":{"start":{"line":67,"column":39},"end":{"line":67,"column":44}},"loc":{"start":{"line":67,"column":58},"end":{"line":74,"column":1}}},"3":{"name":"(anonymous_4)","decl":{"start":{"line":76,"column":42},"end":{"line":76,"column":47}},"loc":{"start":{"line":76,"column":61},"end":{"line":96,"column":1}}}},"branchMap":{"0":{"loc":{"start":{"line":8,"column":2},"end":{"line":36,"column":null}},"type":"if","locations":[{"start":{"line":8,"column":2},"end":{"line":36,"column":null}}]},"1":{"loc":{"start":{"line":8,"column":6},"end":{"line":8,"column":39}},"type":"binary-expr","locations":[{"start":{"line":8,"column":6},"end":{"line":8,"column":27}},{"start":{"line":8,"column":31},"end":{"line":8,"column":39}}]},"2":{"loc":{"start":{"line":10,"column":27},"end":{"line":10,"column":90}},"type":"cond-expr","locations":[{"start":{"line":10,"column":42},"end":{"line":10,"column":83}},{"start":{"line":10,"column":86},"end":{"line":10,"column":90}}]},"3":{"loc":{"start":{"line":11,"column":6},"end":{"line":13,"column":null}},"type":"if","locations":[{"start":{"line":11,"column":6},"end":{"line":13,"column":null}}]},"4":{"loc":{"start":{"line":19,"column":6},"end":{"line":31,"column":null}},"type":"if","locations":[{"start":{"line":19,"column":6},"end":{"line":31,"column":null}},{"start":{"line":29,"column":13},"end":{"line":31,"column":null}}]},"5":{"loc":{"start":{"line":40,"column":2},"end":{"line":40,"column":null}},"type":"if","locations":[{"start":{"line":40,"column":2},"end":{"line":40,"column":null}}]},"6":{"loc":{"start":{"line":41,"column":2},"end":{"line":41,"column":null}},"type":"if","locations":[{"start":{"line":41,"column":2},"end":{"line":41,"column":null}}]},"7":{"loc":{"start":{"line":43,"column":2},"end":{"line":64,"column":null}},"type":"if","locations":[{"start":{"line":43,"column":2},"end":{"line":64,"column":null}},{"start":{"line":61,"column":9},"end":{"line":64,"column":null}}]},"8":{"loc":{"start":{"line":47,"column":6},"end":{"line":57,"column":null}},"type":"if","locations":[{"start":{"line":47,"column":6},"end":{"line":57,"column":null}}]},"9":{"loc":{"start":{"line":61,"column":9},"end":{"line":64,"column":null}},"type":"if","locations":[{"start":{"line":61,"column":9},"end":{"line":64,"column":null}}]},"10":{"loc":{"start":{"line":77,"column":2},"end":{"line":77,"column":null}},"type":"if","locations":[{"start":{"line":77,"column":2},"end":{"line":77,"column":null}}]},"11":{"loc":{"start":{"line":83,"column":4},"end":{"line":92,"column":null}},"type":"if","locations":[{"start":{"line":83,"column":4},"end":{"line":92,"column":null}}]}},"s":{"0":1,"1":1,"2":1,"3":1,"4":0,"5":0,"6":0,"7":0,"8":0,"9":0,"10":0,"11":0,"12":0,"13":0,"14":0,"15":0,"16":0,"17":0,"18":1,"19":1,"20":0,"21":0,"22":0,"23":0,"24":0,"25":0,"26":0,"27":0,"28":0,"29":0,"30":0,"31":0,"32":0,"33":0,"34":0,"35":1,"36":1,"37":0,"38":0,"39":0,"40":0,"41":1,"42":1,"43":0,"44":0,"45":0,"46":0,"47":0,"48":0,"49":0,"50":0,"51":0,"52":0,"53":1},"f":{"0":0,"1":0,"2":0,"3":0},"b":{"0":[0],"1":[0,0],"2":[0,0],"3":[0],"4":[0,0],"5":[0],"6":[0],"7":[0,0],"8":[0],"9":[0],"10":[0],"11":[0]}}
,"/Users/User/bc-internship/bocacode-intranet-api-typescript/src/controllers/lecturesController.ts": {"path":"/Users/User/bc-internship/bocacode-intranet-api-typescript/src/controllers/lecturesController.ts","statementMap":{"0":{"start":{"line":3,"column":0},"end":{"line":3,"column":47}},"1":{"start":{"line":4,"column":0},"end":{"line":4,"column":45}},"2":{"start":{"line":5,"column":0},"end":{"line":5,"column":40}},"3":{"start":{"line":7,"column":42},"end":{"line":39,"column":1}},"4":{"start":{"line":8,"column":2},"end":{"line":8,"column":null}},"5":{"start":{"line":8,"column":29},"end":{"line":8,"column":null}},"6":{"start":{"line":10,"column":2},"end":{"line":38,"column":null}},"7":{"start":{"line":11,"column":29},"end":{"line":11,"column":96}},"8":{"start":{"line":12,"column":4},"end":{"line":14,"column":null}},"9":{"start":{"line":13,"column":6},"end":{"line":13,"column":null}},"10":{"start":{"line":16,"column":40},"end":{"line":16,"column":48}},"11":{"start":{"line":18,"column":23},"end":{"line":18,"column":85}},"12":{"start":{"line":20,"column":27},"end":{"line":20,"column":60}},"13":{"start":{"line":22,"column":4},"end":{"line":34,"column":null}},"14":{"start":{"line":23,"column":18},"end":{"line":28,"column":null}},"15":{"start":{"line":29,"column":6},"end":{"line":29,"column":null}},"16":{"start":{"line":31,"column":6},"end":{"line":31,"column":null}},"17":{"start":{"line":33,"column":6},"end":{"line":33,"column":null}},"18":{"start":{"line":36,"column":4},"end":{"line":36,"column":null}},"19":{"start":{"line":37,"column":4},"end":{"line":37,"column":null}},"20":{"start":{"line":7,"column":13},"end":{"line":7,"column":42}},"21":{"start":{"line":41,"column":45},"end":{"line":67,"column":1}},"22":{"start":{"line":42,"column":2},"end":{"line":42,"column":null}},"23":{"start":{"line":42,"column":30},"end":{"line":42,"column":null}},"24":{"start":{"line":43,"column":2},"end":{"line":43,"column":null}},"25":{"start":{"line":43,"column":19},"end":{"line":43,"column":null}},"26":{"start":{"line":45,"column":2},"end":{"line":66,"column":null}},"27":{"start":{"line":46,"column":40},"end":{"line":46,"column":48}},"28":{"start":{"line":48,"column":27},"end":{"line":48,"column":144}},"29":{"start":{"line":50,"column":4},"end":{"line":62,"column":null}},"30":{"start":{"line":51,"column":18},"end":{"line":56,"column":null}},"31":{"start":{"line":57,"column":6},"end":{"line":57,"column":null}},"32":{"start":{"line":59,"column":6},"end":{"line":59,"column":null}},"33":{"start":{"line":61,"column":6},"end":{"line":61,"column":null}},"34":{"start":{"line":64,"column":4},"end":{"line":64,"column":null}},"35":{"start":{"line":65,"column":4},"end":{"line":65,"column":null}},"36":{"start":{"line":41,"column":13},"end":{"line":41,"column":45}},"37":{"start":{"line":69,"column":43},"end":{"line":76,"column":1}},"38":{"start":{"line":70,"column":2},"end":{"line":75,"column":null}},"39":{"start":{"line":71,"column":24},"end":{"line":71,"column":45}},"40":{"start":{"line":72,"column":4},"end":{"line":72,"column":null}},"41":{"start":{"line":74,"column":4},"end":{"line":74,"column":null}},"42":{"start":{"line":69,"column":13},"end":{"line":69,"column":43}},"43":{"start":{"line":78,"column":42},"end":{"line":87,"column":1}},"44":{"start":{"line":79,"column":2},"end":{"line":79,"column":null}},"45":{"start":{"line":79,"column":19},"end":{"line":79,"column":null}},"46":{"start":{"line":81,"column":2},"end":{"line":86,"column":null}},"47":{"start":{"line":82,"column":20},"end":{"line":82,"column":73}},"48":{"start":{"line":83,"column":4},"end":{"line":83,"column":null}},"49":{"start":{"line":85,"column":4},"end":{"line":85,"column":null}},"50":{"start":{"line":78,"column":13},"end":{"line":78,"column":42}},"51":{"start":{"line":89,"column":46},"end":{"line":113,"column":1}},"52":{"start":{"line":90,"column":2},"end":{"line":90,"column":null}},"53":{"start":{"line":90,"column":30},"end":{"line":90,"column":null}},"54":{"start":{"line":91,"column":2},"end":{"line":91,"column":null}},"55":{"start":{"line":91,"column":19},"end":{"line":91,"column":null}},"56":{"start":{"line":93,"column":2},"end":{"line":112,"column":null}},"57":{"start":{"line":94,"column":19},"end":{"line":94,"column":29}},"58":{"start":{"line":95,"column":24},"end":{"line":95,"column":32}},"59":{"start":{"line":96,"column":27},"end":{"line":96,"column":116}},"60":{"start":{"line":98,"column":4},"end":{"line":109,"column":null}},"61":{"start":{"line":99,"column":18},"end":{"line":104,"column":null}},"62":{"start":{"line":105,"column":6},"end":{"line":105,"column":null}},"63":{"start":{"line":106,"column":6},"end":{"line":106,"column":null}},"64":{"start":{"line":108,"column":6},"end":{"line":108,"column":null}},"65":{"start":{"line":111,"column":4},"end":{"line":111,"column":null}},"66":{"start":{"line":89,"column":13},"end":{"line":89,"column":46}}},"fnMap":{"0":{"name":"(anonymous_1)","decl":{"start":{"line":7,"column":42},"end":{"line":7,"column":47}},"loc":{"start":{"line":7,"column":61},"end":{"line":39,"column":1}}},"1":{"name":"(anonymous_2)","decl":{"start":{"line":41,"column":45},"end":{"line":41,"column":50}},"loc":{"start":{"line":41,"column":64},"end":{"line":67,"column":1}}},"2":{"name":"(anonymous_3)","decl":{"start":{"line":69,"column":43},"end":{"line":69,"column":48}},"loc":{"start":{"line":69,"column":62},"end":{"line":76,"column":1}}},"3":{"name":"(anonymous_4)","decl":{"start":{"line":78,"column":42},"end":{"line":78,"column":47}},"loc":{"start":{"line":78,"column":61},"end":{"line":87,"column":1}}},"4":{"name":"(anonymous_5)","decl":{"start":{"line":89,"column":46},"end":{"line":89,"column":51}},"loc":{"start":{"line":89,"column":65},"end":{"line":113,"column":1}}}},"branchMap":{"0":{"loc":{"start":{"line":8,"column":2},"end":{"line":8,"column":null}},"type":"if","locations":[{"start":{"line":8,"column":2},"end":{"line":8,"column":null}}]},"1":{"loc":{"start":{"line":11,"column":29},"end":{"line":11,"column":96}},"type":"cond-expr","locations":[{"start":{"line":11,"column":44},"end":{"line":11,"column":89}},{"start":{"line":11,"column":92},"end":{"line":11,"column":96}}]},"2":{"loc":{"start":{"line":12,"column":4},"end":{"line":14,"column":null}},"type":"if","locations":[{"start":{"line":12,"column":4},"end":{"line":14,"column":null}}]},"3":{"loc":{"start":{"line":22,"column":4},"end":{"line":34,"column":null}},"type":"if","locations":[{"start":{"line":22,"column":4},"end":{"line":34,"column":null}},{"start":{"line":32,"column":11},"end":{"line":34,"column":null}}]},"4":{"loc":{"start":{"line":42,"column":2},"end":{"line":42,"column":null}},"type":"if","locations":[{"start":{"line":42,"column":2},"end":{"line":42,"column":null}}]},"5":{"loc":{"start":{"line":43,"column":2},"end":{"line":43,"column":null}},"type":"if","locations":[{"start":{"line":43,"column":2},"end":{"line":43,"column":null}}]},"6":{"loc":{"start":{"line":50,"column":4},"end":{"line":62,"column":null}},"type":"if","locations":[{"start":{"line":50,"column":4},"end":{"line":62,"column":null}},{"start":{"line":60,"column":11},"end":{"line":62,"column":null}}]},"7":{"loc":{"start":{"line":79,"column":2},"end":{"line":79,"column":null}},"type":"if","locations":[{"start":{"line":79,"column":2},"end":{"line":79,"column":null}}]},"8":{"loc":{"start":{"line":90,"column":2},"end":{"line":90,"column":null}},"type":"if","locations":[{"start":{"line":90,"column":2},"end":{"line":90,"column":null}}]},"9":{"loc":{"start":{"line":91,"column":2},"end":{"line":91,"column":null}},"type":"if","locations":[{"start":{"line":91,"column":2},"end":{"line":91,"column":null}}]},"10":{"loc":{"start":{"line":98,"column":4},"end":{"line":109,"column":null}},"type":"if","locations":[{"start":{"line":98,"column":4},"end":{"line":109,"column":null}},{"start":{"line":107,"column":11},"end":{"line":109,"column":null}}]}},"s":{"0":1,"1":1,"2":1,"3":1,"4":0,"5":0,"6":0,"7":0,"8":0,"9":0,"10":0,"11":0,"12":0,"13":0,"14":0,"15":0,"16":0,"17":0,"18":0,"19":0,"20":1,"21":1,"22":0,"23":0,"24":0,"25":0,"26":0,"27":0,"28":0,"29":0,"30":0,"31":0,"32":0,"33":0,"34":0,"35":0,"36":1,"37":1,"38":0,"39":0,"40":0,"41":0,"42":1,"43":1,"44":0,"45":0,"46":0,"47":0,"48":0,"49":0,"50":1,"51":1,"52":0,"53":0,"54":0,"55":0,"56":0,"57":0,"58":0,"59":0,"60":0,"61":0,"62":0,"63":0,"64":0,"65":0,"66":1},"f":{"0":0,"1":0,"2":0,"3":0,"4":0},"b":{"0":[0],"1":[0,0],"2":[0],"3":[0,0],"4":[0],"5":[0],"6":[0,0],"7":[0],"8":[0],"9":[0],"10":[0,0]}}
,"/Users/User/bc-internship/bocacode-intranet-api-typescript/src/controllers/logController.ts": {"path":"/Users/User/bc-internship/bocacode-intranet-api-typescript/src/controllers/logController.ts","statementMap":{"0":{"start":{"line":3,"column":0},"end":{"line":3,"column":37}},"1":{"start":{"line":12,"column":22},"end":{"line":19,"column":1}},"2":{"start":{"line":13,"column":2},"end":{"line":18,"column":null}},"3":{"start":{"line":12,"column":13},"end":{"line":12,"column":22}},"4":{"start":{"line":21,"column":39},"end":{"line":28,"column":1}},"5":{"start":{"line":22,"column":2},"end":{"line":27,"column":null}},"6":{"start":{"line":23,"column":20},"end":{"line":23,"column":36}},"7":{"start":{"line":24,"column":4},"end":{"line":24,"column":null}},"8":{"start":{"line":26,"column":4},"end":{"line":26,"column":null}},"9":{"start":{"line":21,"column":13},"end":{"line":21,"column":39}},"10":{"start":{"line":30,"column":43},"end":{"line":38,"column":1}},"11":{"start":{"line":31,"column":2},"end":{"line":37,"column":null}},"12":{"start":{"line":32,"column":22},"end":{"line":32,"column":31}},"13":{"start":{"line":33,"column":20},"end":{"line":33,"column":54}},"14":{"start":{"line":34,"column":4},"end":{"line":34,"column":null}},"15":{"start":{"line":36,"column":4},"end":{"line":36,"column":null}},"16":{"start":{"line":30,"column":13},"end":{"line":30,"column":43}}},"fnMap":{"0":{"name":"(anonymous_1)","decl":{"start":{"line":12,"column":22},"end":{"line":12,"column":27}},"loc":{"start":{"line":12,"column":43},"end":{"line":19,"column":1}}},"1":{"name":"(anonymous_2)","decl":{"start":{"line":21,"column":39},"end":{"line":21,"column":44}},"loc":{"start":{"line":21,"column":58},"end":{"line":28,"column":1}}},"2":{"name":"(anonymous_3)","decl":{"start":{"line":30,"column":43},"end":{"line":30,"column":48}},"loc":{"start":{"line":30,"column":62},"end":{"line":38,"column":1}}}},"branchMap":{},"s":{"0":1,"1":1,"2":0,"3":1,"4":1,"5":0,"6":0,"7":0,"8":0,"9":1,"10":1,"11":0,"12":0,"13":0,"14":0,"15":0,"16":1},"f":{"0":0,"1":0,"2":0},"b":{}}
,"/Users/User/bc-internship/bocacode-intranet-api-typescript/src/controllers/newsController.ts": {"path":"/Users/User/bc-internship/bocacode-intranet-api-typescript/src/controllers/newsController.ts","statementMap":{"0":{"start":{"line":3,"column":0},"end":{"line":3,"column":47}},"1":{"start":{"line":4,"column":0},"end":{"line":4,"column":38}},"2":{"start":{"line":5,"column":0},"end":{"line":5,"column":40}},"3":{"start":{"line":8,"column":39},"end":{"line":37,"column":1}},"4":{"start":{"line":9,"column":2},"end":{"line":9,"column":null}},"5":{"start":{"line":9,"column":29},"end":{"line":9,"column":null}},"6":{"start":{"line":10,"column":2},"end":{"line":36,"column":null}},"7":{"start":{"line":11,"column":26},"end":{"line":11,"column":89}},"8":{"start":{"line":12,"column":4},"end":{"line":14,"column":null}},"9":{"start":{"line":13,"column":6},"end":{"line":13,"column":null}},"10":{"start":{"line":16,"column":20},"end":{"line":16,"column":88}},"11":{"start":{"line":18,"column":24},"end":{"line":18,"column":50}},"12":{"start":{"line":20,"column":4},"end":{"line":32,"column":null}},"13":{"start":{"line":21,"column":18},"end":{"line":26,"column":null}},"14":{"start":{"line":27,"column":6},"end":{"line":27,"column":null}},"15":{"start":{"line":29,"column":6},"end":{"line":29,"column":null}},"16":{"start":{"line":31,"column":6},"end":{"line":31,"column":null}},"17":{"start":{"line":34,"column":4},"end":{"line":34,"column":null}},"18":{"start":{"line":35,"column":4},"end":{"line":35,"column":null}},"19":{"start":{"line":8,"column":13},"end":{"line":8,"column":39}},"20":{"start":{"line":39,"column":42},"end":{"line":59,"column":1}},"21":{"start":{"line":40,"column":2},"end":{"line":40,"column":null}},"22":{"start":{"line":40,"column":19},"end":{"line":40,"column":null}},"23":{"start":{"line":41,"column":2},"end":{"line":58,"column":null}},"24":{"start":{"line":42,"column":19},"end":{"line":42,"column":29}},"25":{"start":{"line":43,"column":24},"end":{"line":43,"column":99}},"26":{"start":{"line":45,"column":4},"end":{"line":55,"column":null}},"27":{"start":{"line":46,"column":18},"end":{"line":51,"column":null}},"28":{"start":{"line":52,"column":6},"end":{"line":52,"column":null}},"29":{"start":{"line":54,"column":6},"end":{"line":54,"column":null}},"30":{"start":{"line":57,"column":4},"end":{"line":57,"column":null}},"31":{"start":{"line":39,"column":13},"end":{"line":39,"column":42}},"32":{"start":{"line":61,"column":39},"end":{"line":70,"column":1}},"33":{"start":{"line":62,"column":2},"end":{"line":62,"column":null}},"34":{"start":{"line":62,"column":19},"end":{"line":62,"column":null}},"35":{"start":{"line":63,"column":2},"end":{"line":69,"column":null}},"36":{"start":{"line":64,"column":19},"end":{"line":64,"column":29}},"37":{"start":{"line":65,"column":22},"end":{"line":65,"column":53}},"38":{"start":{"line":66,"column":4},"end":{"line":66,"column":null}},"39":{"start":{"line":68,"column":4},"end":{"line":68,"column":null}},"40":{"start":{"line":61,"column":13},"end":{"line":61,"column":39}},"41":{"start":{"line":72,"column":42},"end":{"line":79,"column":1}},"42":{"start":{"line":73,"column":2},"end":{"line":78,"column":null}},"43":{"start":{"line":74,"column":20},"end":{"line":74,"column":37}},"44":{"start":{"line":75,"column":4},"end":{"line":75,"column":null}},"45":{"start":{"line":77,"column":4},"end":{"line":77,"column":null}},"46":{"start":{"line":72,"column":13},"end":{"line":72,"column":42}},"47":{"start":{"line":81,"column":43},"end":{"line":103,"column":1}},"48":{"start":{"line":82,"column":2},"end":{"line":82,"column":null}},"49":{"start":{"line":82,"column":19},"end":{"line":82,"column":null}},"50":{"start":{"line":83,"column":2},"end":{"line":102,"column":null}},"51":{"start":{"line":84,"column":19},"end":{"line":84,"column":29}},"52":{"start":{"line":85,"column":24},"end":{"line":85,"column":109}},"53":{"start":{"line":87,"column":4},"end":{"line":99,"column":null}},"54":{"start":{"line":88,"column":18},"end":{"line":93,"column":null}},"55":{"start":{"line":94,"column":6},"end":{"line":94,"column":null}},"56":{"start":{"line":95,"column":6},"end":{"line":95,"column":null}},"57":{"start":{"line":98,"column":6},"end":{"line":98,"column":null}},"58":{"start":{"line":101,"column":4},"end":{"line":101,"column":null}},"59":{"start":{"line":81,"column":13},"end":{"line":81,"column":43}}},"fnMap":{"0":{"name":"(anonymous_1)","decl":{"start":{"line":8,"column":39},"end":{"line":8,"column":44}},"loc":{"start":{"line":8,"column":58},"end":{"line":37,"column":1}}},"1":{"name":"(anonymous_2)","decl":{"start":{"line":39,"column":42},"end":{"line":39,"column":47}},"loc":{"start":{"line":39,"column":61},"end":{"line":59,"column":1}}},"2":{"name":"(anonymous_3)","decl":{"start":{"line":61,"column":39},"end":{"line":61,"column":44}},"loc":{"start":{"line":61,"column":58},"end":{"line":70,"column":1}}},"3":{"name":"(anonymous_4)","decl":{"start":{"line":72,"column":42},"end":{"line":72,"column":47}},"loc":{"start":{"line":72,"column":61},"end":{"line":79,"column":1}}},"4":{"name":"(anonymous_5)","decl":{"start":{"line":81,"column":43},"end":{"line":81,"column":48}},"loc":{"start":{"line":81,"column":62},"end":{"line":103,"column":1}}}},"branchMap":{"0":{"loc":{"start":{"line":9,"column":2},"end":{"line":9,"column":null}},"type":"if","locations":[{"start":{"line":9,"column":2},"end":{"line":9,"column":null}}]},"1":{"loc":{"start":{"line":11,"column":26},"end":{"line":11,"column":89}},"type":"cond-expr","locations":[{"start":{"line":11,"column":41},"end":{"line":11,"column":82}},{"start":{"line":11,"column":85},"end":{"line":11,"column":89}}]},"2":{"loc":{"start":{"line":12,"column":4},"end":{"line":14,"column":null}},"type":"if","locations":[{"start":{"line":12,"column":4},"end":{"line":14,"column":null}}]},"3":{"loc":{"start":{"line":20,"column":4},"end":{"line":32,"column":null}},"type":"if","locations":[{"start":{"line":20,"column":4},"end":{"line":32,"column":null}},{"start":{"line":30,"column":11},"end":{"line":32,"column":null}}]},"4":{"loc":{"start":{"line":40,"column":2},"end":{"line":40,"column":null}},"type":"if","locations":[{"start":{"line":40,"column":2},"end":{"line":40,"column":null}}]},"5":{"loc":{"start":{"line":45,"column":4},"end":{"line":55,"column":null}},"type":"if","locations":[{"start":{"line":45,"column":4},"end":{"line":55,"column":null}}]},"6":{"loc":{"start":{"line":62,"column":2},"end":{"line":62,"column":null}},"type":"if","locations":[{"start":{"line":62,"column":2},"end":{"line":62,"column":null}}]},"7":{"loc":{"start":{"line":82,"column":2},"end":{"line":82,"column":null}},"type":"if","locations":[{"start":{"line":82,"column":2},"end":{"line":82,"column":null}}]},"8":{"loc":{"start":{"line":87,"column":4},"end":{"line":99,"column":null}},"type":"if","locations":[{"start":{"line":87,"column":4},"end":{"line":99,"column":null}},{"start":{"line":97,"column":9},"end":{"line":99,"column":null}}]}},"s":{"0":1,"1":1,"2":1,"3":1,"4":0,"5":0,"6":0,"7":0,"8":0,"9":0,"10":0,"11":0,"12":0,"13":0,"14":0,"15":0,"16":0,"17":0,"18":0,"19":1,"20":1,"21":0,"22":0,"23":0,"24":0,"25":0,"26":0,"27":0,"28":0,"29":0,"30":0,"31":1,"32":1,"33":0,"34":0,"35":0,"36":0,"37":0,"38":0,"39":0,"40":1,"41":1,"42":1,"43":1,"44":1,"45":0,"46":1,"47":1,"48":0,"49":0,"50":0,"51":0,"52":0,"53":0,"54":0,"55":0,"56":0,"57":0,"58":0,"59":1},"f":{"0":0,"1":0,"2":0,"3":1,"4":0},"b":{"0":[0],"1":[0,0],"2":[0],"3":[0,0],"4":[0],"5":[0],"6":[0],"7":[0],"8":[0,0]}}
,"/Users/User/bc-internship/bocacode-intranet-api-typescript/src/controllers/restaurantsController.ts": {"path":"/Users/User/bc-internship/bocacode-intranet-api-typescript/src/controllers/restaurantsController.ts","statementMap":{"0":{"start":{"line":3,"column":0},"end":{"line":3,"column":47}},"1":{"start":{"line":4,"column":0},"end":{"line":4,"column":50}},"2":{"start":{"line":5,"column":0},"end":{"line":5,"column":40}},"3":{"start":{"line":7,"column":45},"end":{"line":37,"column":1}},"4":{"start":{"line":8,"column":2},"end":{"line":36,"column":null}},"5":{"start":{"line":9,"column":4},"end":{"line":35,"column":null}},"6":{"start":{"line":10,"column":34},"end":{"line":10,"column":103}},"7":{"start":{"line":11,"column":6},"end":{"line":13,"column":null}},"8":{"start":{"line":12,"column":8},"end":{"line":12,"column":null}},"9":{"start":{"line":15,"column":28},"end":{"line":15,"column":96}},"10":{"start":{"line":17,"column":32},"end":{"line":17,"column":70}},"11":{"start":{"line":19,"column":6},"end":{"line":31,"column":null}},"12":{"start":{"line":20,"column":20},"end":{"line":25,"column":null}},"13":{"start":{"line":26,"column":8},"end":{"line":26,"column":null}},"14":{"start":{"line":28,"column":8},"end":{"line":28,"column":null}},"15":{"start":{"line":30,"column":8},"end":{"line":30,"column":null}},"16":{"start":{"line":33,"column":6},"end":{"line":33,"column":null}},"17":{"start":{"line":34,"column":6},"end":{"line":34,"column":null}},"18":{"start":{"line":7,"column":13},"end":{"line":7,"column":45}},"19":{"start":{"line":39,"column":48},"end":{"line":65,"column":1}},"20":{"start":{"line":40,"column":17},"end":{"line":40,"column":27}},"21":{"start":{"line":41,"column":2},"end":{"line":64,"column":null}},"22":{"start":{"line":42,"column":4},"end":{"line":60,"column":null}},"23":{"start":{"line":43,"column":32},"end":{"line":43,"column":113}},"24":{"start":{"line":45,"column":6},"end":{"line":57,"column":null}},"25":{"start":{"line":46,"column":20},"end":{"line":51,"column":null}},"26":{"start":{"line":52,"column":8},"end":{"line":52,"column":null}},"27":{"start":{"line":54,"column":8},"end":{"line":54,"column":null}},"28":{"start":{"line":56,"column":8},"end":{"line":56,"column":null}},"29":{"start":{"line":59,"column":6},"end":{"line":59,"column":null}},"30":{"start":{"line":61,"column":9},"end":{"line":64,"column":null}},"31":{"start":{"line":62,"column":4},"end":{"line":62,"column":null}},"32":{"start":{"line":63,"column":4},"end":{"line":63,"column":null}},"33":{"start":{"line":39,"column":13},"end":{"line":39,"column":48}},"34":{"start":{"line":67,"column":46},"end":{"line":74,"column":1}},"35":{"start":{"line":68,"column":2},"end":{"line":73,"column":null}},"36":{"start":{"line":69,"column":27},"end":{"line":69,"column":50}},"37":{"start":{"line":70,"column":4},"end":{"line":70,"column":null}},"38":{"start":{"line":72,"column":4},"end":{"line":72,"column":null}},"39":{"start":{"line":67,"column":13},"end":{"line":67,"column":46}},"40":{"start":{"line":76,"column":45},"end":{"line":89,"column":1}},"41":{"start":{"line":77,"column":2},"end":{"line":88,"column":null}},"42":{"start":{"line":78,"column":19},"end":{"line":78,"column":29}},"43":{"start":{"line":79,"column":4},"end":{"line":84,"column":null}},"44":{"start":{"line":80,"column":30},"end":{"line":80,"column":67}},"45":{"start":{"line":81,"column":6},"end":{"line":81,"column":null}},"46":{"start":{"line":83,"column":6},"end":{"line":83,"column":null}},"47":{"start":{"line":85,"column":9},"end":{"line":88,"column":null}},"48":{"start":{"line":86,"column":4},"end":{"line":86,"column":null}},"49":{"start":{"line":87,"column":4},"end":{"line":87,"column":null}},"50":{"start":{"line":76,"column":13},"end":{"line":76,"column":45}},"51":{"start":{"line":91,"column":49},"end":{"line":111,"column":1}},"52":{"start":{"line":92,"column":2},"end":{"line":110,"column":null}},"53":{"start":{"line":93,"column":19},"end":{"line":93,"column":29}},"54":{"start":{"line":94,"column":30},"end":{"line":94,"column":106}},"55":{"start":{"line":96,"column":4},"end":{"line":107,"column":null}},"56":{"start":{"line":97,"column":18},"end":{"line":102,"column":null}},"57":{"start":{"line":103,"column":6},"end":{"line":103,"column":null}},"58":{"start":{"line":104,"column":6},"end":{"line":104,"column":null}},"59":{"start":{"line":106,"column":6},"end":{"line":106,"column":null}},"60":{"start":{"line":109,"column":4},"end":{"line":109,"column":null}},"61":{"start":{"line":91,"column":13},"end":{"line":91,"column":49}}},"fnMap":{"0":{"name":"(anonymous_1)","decl":{"start":{"line":7,"column":45},"end":{"line":7,"column":50}},"loc":{"start":{"line":7,"column":64},"end":{"line":37,"column":1}}},"1":{"name":"(anonymous_2)","decl":{"start":{"line":39,"column":48},"end":{"line":39,"column":53}},"loc":{"start":{"line":39,"column":67},"end":{"line":65,"column":1}}},"2":{"name":"(anonymous_3)","decl":{"start":{"line":67,"column":46},"end":{"line":67,"column":51}},"loc":{"start":{"line":67,"column":65},"end":{"line":74,"column":1}}},"3":{"name":"(anonymous_4)","decl":{"start":{"line":76,"column":45},"end":{"line":76,"column":50}},"loc":{"start":{"line":76,"column":64},"end":{"line":89,"column":1}}},"4":{"name":"(anonymous_5)","decl":{"start":{"line":91,"column":49},"end":{"line":91,"column":54}},"loc":{"start":{"line":91,"column":68},"end":{"line":111,"column":1}}}},"branchMap":{"0":{"loc":{"start":{"line":8,"column":2},"end":{"line":36,"column":null}},"type":"if","locations":[{"start":{"line":8,"column":2},"end":{"line":36,"column":null}}]},"1":{"loc":{"start":{"line":8,"column":6},"end":{"line":8,"column":39}},"type":"binary-expr","locations":[{"start":{"line":8,"column":6},"end":{"line":8,"column":27}},{"start":{"line":8,"column":31},"end":{"line":8,"column":39}}]},"2":{"loc":{"start":{"line":10,"column":34},"end":{"line":10,"column":103}},"type":"cond-expr","locations":[{"start":{"line":10,"column":49},"end":{"line":10,"column":96}},{"start":{"line":10,"column":99},"end":{"line":10,"column":103}}]},"3":{"loc":{"start":{"line":11,"column":6},"end":{"line":13,"column":null}},"type":"if","locations":[{"start":{"line":11,"column":6},"end":{"line":13,"column":null}}]},"4":{"loc":{"start":{"line":19,"column":6},"end":{"line":31,"column":null}},"type":"if","locations":[{"start":{"line":19,"column":6},"end":{"line":31,"column":null}},{"start":{"line":29,"column":13},"end":{"line":31,"column":null}}]},"5":{"loc":{"start":{"line":41,"column":2},"end":{"line":64,"column":null}},"type":"if","locations":[{"start":{"line":41,"column":2},"end":{"line":64,"column":null}},{"start":{"line":61,"column":9},"end":{"line":64,"column":null}}]},"6":{"loc":{"start":{"line":45,"column":6},"end":{"line":57,"column":null}},"type":"if","locations":[{"start":{"line":45,"column":6},"end":{"line":57,"column":null}},{"start":{"line":55,"column":13},"end":{"line":57,"column":null}}]},"7":{"loc":{"start":{"line":61,"column":9},"end":{"line":64,"column":null}},"type":"if","locations":[{"start":{"line":61,"column":9},"end":{"line":64,"column":null}}]},"8":{"loc":{"start":{"line":77,"column":2},"end":{"line":88,"column":null}},"type":"if","locations":[{"start":{"line":77,"column":2},"end":{"line":88,"column":null}},{"start":{"line":85,"column":9},"end":{"line":88,"column":null}}]},"9":{"loc":{"start":{"line":85,"column":9},"end":{"line":88,"column":null}},"type":"if","locations":[{"start":{"line":85,"column":9},"end":{"line":88,"column":null}}]},"10":{"loc":{"start":{"line":96,"column":4},"end":{"line":107,"column":null}},"type":"if","locations":[{"start":{"line":96,"column":4},"end":{"line":107,"column":null}},{"start":{"line":105,"column":11},"end":{"line":107,"column":null}}]}},"s":{"0":1,"1":1,"2":1,"3":1,"4":0,"5":0,"6":0,"7":0,"8":0,"9":0,"10":0,"11":0,"12":0,"13":0,"14":0,"15":0,"16":0,"17":0,"18":1,"19":1,"20":0,"21":0,"22":0,"23":0,"24":0,"25":0,"26":0,"27":0,"28":0,"29":0,"30":0,"31":0,"32":0,"33":1,"34":1,"35":0,"36":0,"37":0,"38":0,"39":1,"40":1,"41":0,"42":0,"43":0,"44":0,"45":0,"46":0,"47":0,"48":0,"49":0,"50":1,"51":1,"52":0,"53":0,"54":0,"55":0,"56":0,"57":0,"58":0,"59":0,"60":0,"61":1},"f":{"0":0,"1":0,"2":0,"3":0,"4":0},"b":{"0":[0],"1":[0,0],"2":[0,0],"3":[0],"4":[0,0],"5":[0,0],"6":[0,0],"7":[0],"8":[0,0],"9":[0],"10":[0,0]}}
,"/Users/User/bc-internship/bocacode-intranet-api-typescript/src/controllers/studentsController.ts": {"path":"/Users/User/bc-internship/bocacode-intranet-api-typescript/src/controllers/studentsController.ts","statementMap":{"0":{"start":{"line":3,"column":0},"end":{"line":3,"column":47}},"1":{"start":{"line":4,"column":0},"end":{"line":4,"column":45}},"2":{"start":{"line":5,"column":0},"end":{"line":5,"column":40}},"3":{"start":{"line":7,"column":42},"end":{"line":34,"column":1}},"4":{"start":{"line":8,"column":2},"end":{"line":8,"column":null}},"5":{"start":{"line":8,"column":29},"end":{"line":8,"column":null}},"6":{"start":{"line":9,"column":2},"end":{"line":33,"column":null}},"7":{"start":{"line":10,"column":4},"end":{"line":32,"column":null}},"8":{"start":{"line":15,"column":25},"end":{"line":15,"column":93}},"9":{"start":{"line":16,"column":29},"end":{"line":16,"column":62}},"10":{"start":{"line":17,"column":6},"end":{"line":28,"column":null}},"11":{"start":{"line":18,"column":20},"end":{"line":23,"column":null}},"12":{"start":{"line":24,"column":8},"end":{"line":24,"column":null}},"13":{"start":{"line":25,"column":8},"end":{"line":25,"column":null}},"14":{"start":{"line":27,"column":8},"end":{"line":27,"column":null}},"15":{"start":{"line":30,"column":6},"end":{"line":30,"column":null}},"16":{"start":{"line":31,"column":6},"end":{"line":31,"column":null}},"17":{"start":{"line":7,"column":13},"end":{"line":7,"column":42}},"18":{"start":{"line":36,"column":45},"end":{"line":61,"column":1}},"19":{"start":{"line":37,"column":2},"end":{"line":37,"column":null}},"20":{"start":{"line":37,"column":19},"end":{"line":37,"column":null}},"21":{"start":{"line":38,"column":2},"end":{"line":60,"column":null}},"22":{"start":{"line":39,"column":4},"end":{"line":56,"column":null}},"23":{"start":{"line":40,"column":29},"end":{"line":42,"column":null}},"24":{"start":{"line":44,"column":6},"end":{"line":53,"column":null}},"25":{"start":{"line":45,"column":20},"end":{"line":50,"column":null}},"26":{"start":{"line":51,"column":8},"end":{"line":51,"column":null}},"27":{"start":{"line":52,"column":8},"end":{"line":52,"column":null}},"28":{"start":{"line":55,"column":6},"end":{"line":55,"column":null}},"29":{"start":{"line":57,"column":9},"end":{"line":60,"column":null}},"30":{"start":{"line":58,"column":4},"end":{"line":58,"column":null}},"31":{"start":{"line":59,"column":4},"end":{"line":59,"column":null}},"32":{"start":{"line":36,"column":13},"end":{"line":36,"column":45}},"33":{"start":{"line":63,"column":43},"end":{"line":70,"column":1}},"34":{"start":{"line":64,"column":2},"end":{"line":69,"column":null}},"35":{"start":{"line":65,"column":21},"end":{"line":65,"column":59}},"36":{"start":{"line":66,"column":4},"end":{"line":66,"column":null}},"37":{"start":{"line":68,"column":4},"end":{"line":68,"column":null}},"38":{"start":{"line":63,"column":13},"end":{"line":63,"column":43}},"39":{"start":{"line":72,"column":52},"end":{"line":79,"column":1}},"40":{"start":{"line":73,"column":2},"end":{"line":78,"column":null}},"41":{"start":{"line":74,"column":21},"end":{"line":74,"column":42}},"42":{"start":{"line":75,"column":4},"end":{"line":75,"column":null}},"43":{"start":{"line":77,"column":4},"end":{"line":77,"column":null}},"44":{"start":{"line":72,"column":13},"end":{"line":72,"column":52}},"45":{"start":{"line":81,"column":42},"end":{"line":92,"column":1}},"46":{"start":{"line":82,"column":2},"end":{"line":82,"column":null}},"47":{"start":{"line":82,"column":19},"end":{"line":82,"column":null}},"48":{"start":{"line":84,"column":17},"end":{"line":84,"column":27}},"49":{"start":{"line":86,"column":2},"end":{"line":91,"column":null}},"50":{"start":{"line":87,"column":22},"end":{"line":87,"column":49}},"51":{"start":{"line":88,"column":4},"end":{"line":88,"column":null}},"52":{"start":{"line":90,"column":4},"end":{"line":90,"column":null}},"53":{"start":{"line":81,"column":13},"end":{"line":81,"column":42}},"54":{"start":{"line":94,"column":46},"end":{"line":115,"column":1}},"55":{"start":{"line":95,"column":2},"end":{"line":95,"column":null}},"56":{"start":{"line":95,"column":19},"end":{"line":95,"column":null}},"57":{"start":{"line":97,"column":2},"end":{"line":114,"column":null}},"58":{"start":{"line":98,"column":27},"end":{"line":100,"column":null}},"59":{"start":{"line":102,"column":4},"end":{"line":111,"column":null}},"60":{"start":{"line":103,"column":18},"end":{"line":108,"column":null}},"61":{"start":{"line":109,"column":6},"end":{"line":109,"column":null}},"62":{"start":{"line":110,"column":6},"end":{"line":110,"column":null}},"63":{"start":{"line":113,"column":4},"end":{"line":113,"column":null}},"64":{"start":{"line":94,"column":13},"end":{"line":94,"column":46}}},"fnMap":{"0":{"name":"(anonymous_1)","decl":{"start":{"line":7,"column":42},"end":{"line":7,"column":47}},"loc":{"start":{"line":7,"column":61},"end":{"line":34,"column":1}}},"1":{"name":"(anonymous_2)","decl":{"start":{"line":36,"column":45},"end":{"line":36,"column":50}},"loc":{"start":{"line":36,"column":64},"end":{"line":61,"column":1}}},"2":{"name":"(anonymous_3)","decl":{"start":{"line":63,"column":43},"end":{"line":63,"column":48}},"loc":{"start":{"line":63,"column":62},"end":{"line":70,"column":1}}},"3":{"name":"(anonymous_4)","decl":{"start":{"line":72,"column":52},"end":{"line":72,"column":57}},"loc":{"start":{"line":72,"column":71},"end":{"line":79,"column":1}}},"4":{"name":"(anonymous_5)","decl":{"start":{"line":81,"column":42},"end":{"line":81,"column":47}},"loc":{"start":{"line":81,"column":61},"end":{"line":92,"column":1}}},"5":{"name":"(anonymous_6)","decl":{"start":{"line":94,"column":46},"end":{"line":94,"column":51}},"loc":{"start":{"line":94,"column":65},"end":{"line":115,"column":1}}}},"branchMap":{"0":{"loc":{"start":{"line":8,"column":2},"end":{"line":8,"column":null}},"type":"if","locations":[{"start":{"line":8,"column":2},"end":{"line":8,"column":null}}]},"1":{"loc":{"start":{"line":9,"column":2},"end":{"line":33,"column":null}},"type":"if","locations":[{"start":{"line":9,"column":2},"end":{"line":33,"column":null}}]},"2":{"loc":{"start":{"line":17,"column":6},"end":{"line":28,"column":null}},"type":"if","locations":[{"start":{"line":17,"column":6},"end":{"line":28,"column":null}},{"start":{"line":26,"column":13},"end":{"line":28,"column":null}}]},"3":{"loc":{"start":{"line":37,"column":2},"end":{"line":37,"column":null}},"type":"if","locations":[{"start":{"line":37,"column":2},"end":{"line":37,"column":null}}]},"4":{"loc":{"start":{"line":38,"column":2},"end":{"line":60,"column":null}},"type":"if","locations":[{"start":{"line":38,"column":2},"end":{"line":60,"column":null}},{"start":{"line":57,"column":9},"end":{"line":60,"column":null}}]},"5":{"loc":{"start":{"line":44,"column":6},"end":{"line":53,"column":null}},"type":"if","locations":[{"start":{"line":44,"column":6},"end":{"line":53,"column":null}}]},"6":{"loc":{"start":{"line":57,"column":9},"end":{"line":60,"column":null}},"type":"if","locations":[{"start":{"line":57,"column":9},"end":{"line":60,"column":null}}]},"7":{"loc":{"start":{"line":82,"column":2},"end":{"line":82,"column":null}},"type":"if","locations":[{"start":{"line":82,"column":2},"end":{"line":82,"column":null}}]},"8":{"loc":{"start":{"line":95,"column":2},"end":{"line":95,"column":null}},"type":"if","locations":[{"start":{"line":95,"column":2},"end":{"line":95,"column":null}}]},"9":{"loc":{"start":{"line":102,"column":4},"end":{"line":111,"column":null}},"type":"if","locations":[{"start":{"line":102,"column":4},"end":{"line":111,"column":null}}]}},"s":{"0":1,"1":1,"2":1,"3":1,"4":0,"5":0,"6":0,"7":0,"8":0,"9":0,"10":0,"11":0,"12":0,"13":0,"14":0,"15":0,"16":0,"17":1,"18":1,"19":0,"20":0,"21":0,"22":0,"23":0,"24":0,"25":0,"26":0,"27":0,"28":0,"29":0,"30":0,"31":0,"32":1,"33":1,"34":0,"35":0,"36":0,"37":0,"38":1,"39":1,"40":0,"41":0,"42":0,"43":0,"44":1,"45":1,"46":0,"47":0,"48":0,"49":0,"50":0,"51":0,"52":0,"53":1,"54":1,"55":0,"56":0,"57":0,"58":0,"59":0,"60":0,"61":0,"62":0,"63":0,"64":1},"f":{"0":0,"1":0,"2":0,"3":0,"4":0,"5":0},"b":{"0":[0],"1":[0],"2":[0,0],"3":[0],"4":[0,0],"5":[0],"6":[0],"7":[0],"8":[0],"9":[0]}}
,"/Users/User/bc-internship/bocacode-intranet-api-typescript/src/controllers/tutorialsController.ts": {"path":"/Users/User/bc-internship/bocacode-intranet-api-typescript/src/controllers/tutorialsController.ts","statementMap":{"0":{"start":{"line":3,"column":0},"end":{"line":3,"column":47}},"1":{"start":{"line":4,"column":0},"end":{"line":4,"column":47}},"2":{"start":{"line":5,"column":0},"end":{"line":5,"column":40}},"3":{"start":{"line":7,"column":43},"end":{"line":36,"column":1}},"4":{"start":{"line":8,"column":2},"end":{"line":8,"column":null}},"5":{"start":{"line":8,"column":29},"end":{"line":8,"column":null}},"6":{"start":{"line":9,"column":2},"end":{"line":35,"column":null}},"7":{"start":{"line":10,"column":30},"end":{"line":10,"column":98}},"8":{"start":{"line":11,"column":4},"end":{"line":13,"column":null}},"9":{"start":{"line":12,"column":6},"end":{"line":12,"column":null}},"10":{"start":{"line":15,"column":24},"end":{"line":15,"column":62}},"11":{"start":{"line":17,"column":28},"end":{"line":17,"column":63}},"12":{"start":{"line":19,"column":4},"end":{"line":31,"column":null}},"13":{"start":{"line":20,"column":18},"end":{"line":25,"column":null}},"14":{"start":{"line":26,"column":6},"end":{"line":26,"column":null}},"15":{"start":{"line":28,"column":6},"end":{"line":28,"column":null}},"16":{"start":{"line":30,"column":6},"end":{"line":30,"column":null}},"17":{"start":{"line":33,"column":4},"end":{"line":33,"column":null}},"18":{"start":{"line":34,"column":4},"end":{"line":34,"column":null}},"19":{"start":{"line":7,"column":13},"end":{"line":7,"column":43}},"20":{"start":{"line":38,"column":46},"end":{"line":60,"column":1}},"21":{"start":{"line":39,"column":2},"end":{"line":39,"column":null}},"22":{"start":{"line":39,"column":19},"end":{"line":39,"column":null}},"23":{"start":{"line":40,"column":2},"end":{"line":40,"column":null}},"24":{"start":{"line":40,"column":30},"end":{"line":40,"column":null}},"25":{"start":{"line":42,"column":2},"end":{"line":59,"column":null}},"26":{"start":{"line":43,"column":19},"end":{"line":43,"column":29}},"27":{"start":{"line":44,"column":28},"end":{"line":44,"column":108}},"28":{"start":{"line":46,"column":4},"end":{"line":56,"column":null}},"29":{"start":{"line":47,"column":18},"end":{"line":52,"column":null}},"30":{"start":{"line":53,"column":6},"end":{"line":53,"column":null}},"31":{"start":{"line":
[...]
,"/Users/User/bc-internship/bocacode-intranet-api-typescript/src/models/restaurantModel.ts": {"path":"/Users/User/bc-internship/bocacode-intranet-api-typescript/src/models/restaurantModel.ts","statementMap":{"0":{"start":{"line":1,"column":0},"end":{"line":1,"column":31}},"1":{"start":{"line":3,"column":25},"end":{"line":15,"column":null}},"2":{"start":{"line":18,"column":0},"end":{"line":18,"column":null}}},"fnMap":{},"branchMap":{},"s":{"0":1,"1":1,"2":1},"f":{},"b":{}}
,"/Users/User/bc-internship/bocacode-intranet-api-typescript/src/models/studentModel.ts": {"path":"/Users/User/bc-internship/bocacode-intranet-api-typescript/src/models/studentModel.ts","statementMap":{"0":{"start":{"line":1,"column":0},"end":{"line":1,"column":31}},"1":{"start":{"line":3,"column":23},"end":{"line":27,"column":null}},"2":{"start":{"line":30,"column":0},"end":{"line":30,"column":null}}},"fnMap":{},"branchMap":{},"s":{"0":1,"1":1,"2":1},"f":{},"b":{}}
,"/Users/User/bc-internship/bocacode-intranet-api-typescript/src/models/tutorialModel.ts": {"path":"/Users/User/bc-internship/bocacode-intranet-api-typescript/src/models/tutorialModel.ts","statementMap":{"0":{"start":{"line":1,"column":0},"end":{"line":1,"column":31}},"1":{"start":{"line":3,"column":23},"end":{"line":15,"column":null}},"2":{"start":{"line":18,"column":0},"end":{"line":18,"column":null}}},"fnMap":{},"branchMap":{},"s":{"0":1,"1":1,"2":1},"f":{},"b":{}}
,"/Users/User/bc-internship/bocacode-intranet-api-typescript/src/models/usersModel.ts": {"path":"/Users/User/bc-internship/bocacode-intranet-api-typescript/src/models/usersModel.ts","statementMap":{"0":{"start":{"line":1,"column":0},"end":{"line":1,"column":31}},"1":{"start":{"line":3,"column":19},"end":{"line":12,"column":null}},"2":{"start":{"line":15,"column":0},"end":{"line":15,"column":null}}},"fnMap":{},"branchMap":{},"s":{"0":1,"1":1,"2":1},"f":{},"b":{}}
,"/Users/User/bc-internship/bocacode-intranet-api-typescript/src/models/wellnessModel.ts": {"path":"/Users/User/bc-internship/bocacode-intranet-api-typescript/src/models/wellnessModel.ts","statementMap":{"0":{"start":{"line":1,"column":0},"end":{"line":1,"column":31}},"1":{"start":{"line":3,"column":23},"end":{"line":15,"column":null}},"2":{"start":{"line":18,"column":0},"end":{"line":18,"column":null}}},"fnMap":{},"branchMap":{},"s":{"0":1,"1":1,"2":1},"f":{},"b":{}}
,"/Users/User/bc-internship/bocacode-intranet-api-typescript/src/models/practiceAPIs/beerModel.ts": {"path":"/Users/User/bc-internship/bocacode-intranet-api-typescript/src/models/practiceAPIs/beerModel.ts","statementMap":{"0":{"start":{"line":1,"column":0},"end":{"line":1,"column":31}},"1":{"start":{"line":3,"column":19},"end":{"line":17,"column":null}},"2":{"start":{"line":20,"column":0},"end":{"line":20,"column":null}}},"fnMap":{},"branchMap":{},"s":{"0":1,"1":1,"2":1},"f":{},"b":{}}
,"/Users/User/bc-internship/bocacode-intranet-api-typescript/src/routes/codeChallengeRoutes.ts": {"path":"/Users/User/bc-internship/bocacode-intranet-api-typescript/src/routes/codeChallengeRoutes.ts","statementMap":{"0":{"start":{"line":1,"column":0},"end":{"line":1,"column":32}},"1":{"start":{"line":2,"column":0},"end":{"line":2,"column":41}},"2":{"start":{"line":3,"column":0},"end":{"line":3,"column":null}},"3":{"start":{"line":9,"column":0},"end":{"line":9,"column":58}},"4":{"start":{"line":11,"column":15},"end":{"line":11,"column":23}},"5":{"start":{"line":13,"column":0},"end":{"line":13,"column":null}},"6":{"start":{"line":14,"column":0},"end":{"line":14,"column":null}},"7":{"start":{"line":15,"column":0},"end":{"line":15,"column":null}},"8":{"start":{"line":16,"column":0},"end":{"line":16,"column":null}},"9":{"start":{"line":18,"column":0},"end":{"line":18,"column":null}}},"fnMap":{},"branchMap":{},"s":{"0":1,"1":1,"2":1,"3":1,"4":1,"5":1,"6":1,"7":1,"8":1,"9":1},"f":{},"b":{}}
,"/Users/User/bc-internship/bocacode-intranet-api-typescript/src/routes/eventRoutes.ts": {"path":"/Users/User/bc-internship/bocacode-intranet-api-typescript/src/routes/eventRoutes.ts","statementMap":{"0":{"start":{"line":1,"column":0},"end":{"line":1,"column":32}},"1":{"start":{"line":2,"column":0},"end":{"line":2,"column":41}},"2":{"start":{"line":3,"column":0},"end":{"line":3,"column":106}},"3":{"start":{"line":4,"column":0},"end":{"line":4,"column":58}},"4":{"start":{"line":6,"column":15},"end":{"line":6,"column":23}},"5":{"start":{"line":8,"column":0},"end":{"line":8,"column":null}},"6":{"start":{"line":9,"column":0},"end":{"line":9,"column":null}},"7":{"start":{"line":10,"column":0},"end":{"line":10,"column":null}},"8":{"start":{"line":11,"column":0},"end":{"line":11,"column":null}},"9":{"start":{"line":12,"column":0},"end":{"line":12,"column":null}},"10":{"start":{"line":14,"column":0},"end":{"line":14,"column":null}}},"fnMap":{},"branchMap":{},"s":{"0":1,"1":1,"2":1,"3":1,"4":1,"5":1,"6":1,"7":1,"8":1,"9":1,"10":1},"f":{},"b":{}}
,"/Users/User/bc-internship/bocacode-intranet-api-typescript/src/routes/homeworkRoutes.ts": {"path":"/Users/User/bc-internship/bocacode-intranet-api-typescript/src/routes/homeworkRoutes.ts","statementMap":{"0":{"start":{"line":1,"column":0},"end":{"line":1,"column":32}},"1":{"start":{"line":2,"column":0},"end":{"line":2,"column":41}},"2":{"start":{"line":3,"column":0},"end":{"line":3,"column":110}},"3":{"start":{"line":4,"column":0},"end":{"line":4,"column":58}},"4":{"start":{"line":6,"column":15},"end":{"line":6,"column":23}},"5":{"start":{"line":8,"column":0},"end":{"line":8,"column":null}},"6":{"start":{"line":9,"column":0},"end":{"line":9,"column":null}},"7":{"start":{"line":10,"column":0},"end":{"line":10,"column":null}},"8":{"start":{"line":11,"column":0},"end":{"line":11,"column":null}},"9":{"start":{"line":13,"column":0},"end":{"line":13,"column":null}}},"fnMap":{},"branchMap":{},"s":{"0":1,"1":1,"2":1,"3":1,"4":1,"5":1,"6":1,"7":1,"8":1,"9":1},"f":{},"b":{}}
,"/Users/User/bc-internship/bocacode-intranet-api-typescript/src/routes/jobRoutes.ts": {"path":"/Users/User/bc-internship/bocacode-intranet-api-typescript/src/routes/jobRoutes.ts","statementMap":{"0":{"start":{"line":1,"column":0},"end":{"line":1,"column":32}},"1":{"start":{"line":2,"column":0},"end":{"line":2,"column":41}},"2":{"start":{"line":3,"column":0},"end":{"line":3,"column":94}},"3":{"start":{"line":4,"column":0},"end":{"line":4,"column":58}},"4":{"start":{"line":6,"column":15},"end":{"line":6,"column":23}},"5":{"start":{"line":8,"column":0},"end":{"line":8,"column":null}},"6":{"start":{"line":9,"column":0},"end":{"line":9,"column":null}},"7":{"start":{"line":10,"column":0},"end":{"line":10,"column":null}},"8":{"start":{"line":11,"column":0},"end":{"line":11,"column":null}},"9":{"start":{"line":12,"column":0},"end":{"line":12,"column":null}},"10":{"start":{"line":14,"column":0},"end":{"line":14,"column":null}}},"fnMap":{},"branchMap":{},"s":{"0":1,"1":1,"2":1,"3":1,"4":1,"5":1,"6":1,"7":1,"8":1,"9":1,"10":1},"f":{},"b":{}}
,"/Users/User/bc-internship/bocacode-intranet-api-typescript/src/routes/labRoutes.ts": {"path":"/Users/User/bc-internship/bocacode-intranet-api-typescript/src/routes/labRoutes.ts","statementMap":{"0":{"start":{"line":1,"column":0},"end":{"line":1,"column":32}},"1":{"start":{"line":2,"column":0},"end":{"line":2,"column":41}},"2":{"start":{"line":3,"column":0},"end":{"line":3,"column":86}},"3":{"start":{"line":4,"column":0},"end":{"line":4,"column":58}},"4":{"start":{"line":6,"column":15},"end":{"line":6,"column":23}},"5":{"start":{"line":8,"column":0},"end":{"line":8,"column":null}},"6":{"start":{"line":9,"column":0},"end":{"line":9,"column":null}},"7":{"start":{"line":10,"column":0},"end":{"line":10,"column":null}},"8":{"start":{"line":11,"column":0},"end":{"line":11,"column":null}},"9":{"start":{"line":13,"column":0},"end":{"line":13,"column":null}}},"fnMap":{},"branchMap":{},"s":{"0":1,"1":1,"2":1,"3":1,"4":1,"5":1,"6":1,"7":1,"8":1,"9":1},"f":{},"b":{}}
,"/Users/User/bc-internship/bocacode-intranet-api-typescript/src/routes/lectureRoutes.ts": {"path":"/Users/User/bc-internship/bocacode-intranet-api-typescript/src/routes/lectureRoutes.ts","statementMap":{"0":{"start":{"line":1,"column":0},"end":{"line":1,"column":32}},"1":{"start":{"line":2,"column":0},"end":{"line":2,"column":41}},"2":{"start":{"line":3,"column":0},"end":{"line":3,"column":118}},"3":{"start":{"line":4,"column":0},"end":{"line":4,"column":58}},"4":{"start":{"line":6,"column":15},"end":{"line":6,"column":23}},"5":{"start":{"line":8,"column":0},"end":{"line":8,"column":null}},"6":{"start":{"line":9,"column":0},"end":{"line":9,"column":null}},"7":{"start":{"line":10,"column":0},"end":{"line":10,"column":null}},"8":{"start":{"line":11,"column":0},"end":{"line":11,"column":null}},"9":{"start":{"line":12,"column":0},"end":{"line":12,"column":null}},"10":{"start":{"line":14,"column":0},"end":{"line":14,"column":null}}},"fnMap":{},"branchMap":{},"s":{"0":1,"1":1,"2":1,"3":1,"4":1,"5":1,"6":1,"7":1,"8":1,"9":1,"10":1},"f":{},"b":{}}
,"/Users/User/bc-internship/bocacode-intranet-api-typescript/src/routes/logRoutes.ts": {"path":"/Users/User/bc-internship/bocacode-intranet-api-typescript/src/routes/logRoutes.ts","statementMap":{"0":{"start":{"line":1,"column":0},"end":{"line":1,"column":32}},"1":{"start":{"line":2,"column":0},"end":{"line":2,"column":41}},"2":{"start":{"line":3,"column":0},"end":{"line":3,"column":67}},"3":{"start":{"line":5,"column":15},"end":{"line":5,"column":23}},"4":{"start":{"line":7,"column":0},"end":{"line":7,"column":null}},"5":{"start":{"line":9,"column":0},"end":{"line":9,"column":null}},"6":{"start":{"line":11,"column":0},"end":{"line":11,"column":null}}},"fnMap":{},"branchMap":{},"s":{"0":1,"1":1,"2":1,"3":1,"4":1,"5":1,"6":1},"f":{},"b":{}}
,"/Users/User/bc-internship/bocacode-intranet-api-typescript/src/routes/newsRoutes.ts": {"path":"/Users/User/bc-internship/bocacode-intranet-api-typescript/src/routes/newsRoutes.ts","statementMap":{"0":{"start":{"line":1,"column":0},"end":{"line":1,"column":32}},"1":{"start":{"line":2,"column":0},"end":{"line":2,"column":41}},"2":{"start":{"line":3,"column":0},"end":{"line":3,"column":101}},"3":{"start":{"line":4,"column":0},"end":{"line":4,"column":58}},"4":{"start":{"line":6,"column":15},"end":{"line":6,"column":23}},"5":{"start":{"line":8,"column":0},"end":{"line":8,"column":null}},"6":{"start":{"line":9,"column":0},"end":{"line":9,"column":null}},"7":{"start":{"line":10,"column":0},"end":{"line":10,"column":null}},"8":{"start":{"line":11,"column":0},"end":{"line":11,"column":null}},"9":{"start":{"line":12,"column":0},"end":{"line":12,"column":null}},"10":{"start":{"line":14,"column":0},"end":{"line":14,"column":null}}},"fnMap":{},"branchMap":{},"s":{"0":1,"1":1,"2":1,"3":1,"4":1,"5":1,"6":1,"7":1,"8":1,"9":1,"10":1},"f":{},"b":{}}
,"/Users/User/bc-internship/bocacode-intranet-api-typescript/src/routes/restaurantRoutes.ts": {"path":"/Users/User/bc-internship/bocacode-intranet-api-typescript/src/routes/restaurantRoutes.ts","statementMap":{"0":{"start":{"line":1,"column":0},"end":{"line":1,"column":32}},"1":{"start":{"line":2,"column":0},"end":{"line":2,"column":41}},"2":{"start":{"line":3,"column":0},"end":{"line":3,"column":null}},"3":{"start":{"line":10,"column":0},"end":{"line":10,"column":58}},"4":{"start":{"line":12,"column":15},"end":{"line":12,"column":23}},"5":{"start":{"line":14,"column":0},"end":{"line":14,"column":null}},"6":{"start":{"line":15,"column":0},"end":{"line":15,"column":null}},"7":{"start":{"line":16,"column":0},"end":{"line":16,"column":null}},"8":{"start":{"line":17,"column":0},"end":{"line":17,"column":null}},"9":{"start":{"line":18,"column":0},"end":{"line":18,"column":null}},"10":{"start":{"line":20,"column":0},"end":{"line":20,"column":null}}},"fnMap":{},"branchMap":{},"s":{"0":1,"1":1,"2":1,"3":1,"4":1,"5":1,"6":1,"7":1,"8":1,"9":1,"10":1},"f":{},"b":{}}
,"/Users/User/bc-internship/bocacode-intranet-api-typescript/src/routes/studentRoutes.ts": {"path":"/Users/User/bc-internship/bocacode-intranet-api-typescript/src/routes/studentRoutes.ts","statementMap":{"0":{"start":{"line":1,"column":0},"end":{"line":1,"column":32}},"1":{"start":{"line":2,"column":0},"end":{"line":2,"column":41}},"2":{"start":{"line":3,"column":0},"end":{"line":3,"column":null}},"3":{"start":{"line":11,"column":0},"end":{"line":11,"column":58}},"4":{"start":{"line":13,"column":15},"end":{"line":13,"column":23}},"5":{"start":{"line":15,"column":0},"end":{"line":15,"column":null}},"6":{"start":{"line":16,"column":0},"end":{"line":16,"column":null}},"7":{"start":{"line":17,"column":0},"end":{"line":17,"column":null}},"8":{"start":{"line":18,"column":0},"end":{"line":18,"column":null}},"9":{"start":{"line":19,"column":0},"end":{"line":19,"column":null}},"10":{"start":{"line":20,"column":0},"end":{"line":20,"column":null}},"11":{"start":{"line":22,"column":0},"end":{"line":22,"column":null}}},"fnMap":{},"branchMap":{},"s":{"0":1,"1":1,"2":1,"3":1,"4":1,"5":1,"6":1,"7":1,"8":1,"9":1,"10":1,"11":1},"f":{},"b":{}}
,"/Users/User/bc-internship/bocacode-intranet-api-typescript/src/routes/tutorialRoutes.ts": {"path":"/Users/User/bc-internship/bocacode-intranet-api-typescript/src/routes/tutorialRoutes.ts","statementMap":{"0":{"start":{"line":1,"column":0},"end":{"line":1,"column":32}},"1":{"start":{"line":2,"column":0},"end":{"line":2,"column":41}},"2":{"start":{"line":3,"column":0},"end":{"line":3,"column":124}},"3":{"start":{"line":4,"column":0},"end":{"line":4,"column":58}},"4":{"start":{"line":6,"column":15},"end":{"line":6,"column":23}},"5":{"start":{"line":8,"column":0},"end":{"line":8,"column":null}},"6":{"start":{"line":9,"column":0},"end":{"line":9,"column":null}},"7":{"start":{"line":10,"column":0},"end":{"line":10,"column":null}},"8":{"start":{"line":11,"column":0},"end":{"line":11,"column":null}},"9":{"start":{"line":12,"column":0},"end":{"line":12,"column":null}},"10":{"start":{"line":14,"column":0},"end":{"line":14,"column":null}}},"fnMap":{},"branchMap":{},"s":{"0":1,"1":1,"2":1,"3":1,"4":1,"5":1,"6":1,"7":1,"8":1,"9":1,"10":1},"f":{},"b":{}}
,"/Users/User/bc-internship/bocacode-intranet-api-typescript/src/routes/userRoutes.ts": {"path":"/Users/User/bc-internship/bocacode-intranet-api-typescript/src/routes/userRoutes.ts","statementMap":{"0":{"start":{"line":1,"column":0},"end":{"line":1,"column":32}},"1":{"start":{"line":2,"column":0},"end":{"line":2,"column":41}},"2":{"start":{"line":3,"column":0},"end":{"line":3,"column":94}},"3":{"start":{"line":4,"column":0},"end":{"line":4,"column":58}},"4":{"start":{"line":6,"column":15},"end":{"line":6,"column":23}},"5":{"start":{"line":8,"column":0},"end":{"line":8,"column":null}},"6":{"start":{"line":9,"column":0},"end":{"line":9,"column":null}},"7":{"start":{"line":10,"column":0},"end":{"line":10,"column":null}},"8":{"start":{"line":11,"column":0},"end":{"line":11,"column":null}},"9":{"start":{"line":12,"column":0},"end":{"line":12,"column":null}},"10":{"start":{"line":13,"column":0},"end":{"line":13,"column":null}},"11":{"start":{"line":15,"column":0},"end":{"line":15,"column":null}}},"fnMap":{},"branchMap":{},"s":{"0":1,"1":1,"2":1,"3":1,"4":1,"5":1,"6":1,"7":1,"8":1,"9":1,"10":1,"11":1},"f":{},"b":{}}
,"/Users/User/bc-internship/bocacode-intranet-api-typescript/src/routes/wellnessRoutes.ts": {"path":"/Users/User/bc-internship/bocacode-intranet-api-typescript/src/routes/wellnessRoutes.ts","statementMap":{"0":{"start":{"line":1,"column":0},"end":{"line":1,"column":32}},"1":{"start":{"line":2,"column":0},"end":{"line":2,"column":41}},"2":{"start":{"line":3,"column":0},"end":{"line":3,"column":128}},"3":{"start":{"line":4,"column":0},"end":{"line":4,"column":58}},"4":{"start":{"line":6,"column":15},"end":{"line":6,"column":23}},"5":{"start":{"line":8,"column":0},"end":{"line":8,"column":null}},"6":{"start":{"line":9,"column":0},"end":{"line":9,"column":null}},"7":{"start":{"line":10,"column":0},"end":{"line":10,"column":null}},"8":{"start":{"line":11,"column":0},"end":{"line":11,"column":null}},"9":{"start":{"line":12,"column":0},"end":{"line":12,"column":null}},"10":{"start":{"line":14,"column":0},"end":{"line":14,"column":null}}},"fnMap":{},"branchMap":{},"s":{"0":1,"1":1,"2":1,"3":1,"4":1,"5":1,"6":1,"7":1,"8":1,"9":1,"10":1},"f":{},"b":{}}
,"/Users/User/bc-internship/bocacode-intranet-api-typescript/src/routes/practiceAPIs/beerRoutes.ts": {"path":"/Users/User/bc-internship/bocacode-intranet-api-typescript/src/routes/practiceAPIs/beerRoutes.ts","statementMap":{"0":{"start":{"line":1,"column":0},"end":{"line":1,"column":32}},"1":{"start":{"line":2,"column":0},"end":{"line":2,"column":44}},"2":{"start":{"line":3,"column":0},"end":{"line":3,"column":107}},"3":{"start":{"line":5,"column":15},"end":{"line":5,"column":23}},"4":{"start":{"line":7,"column":0},"end":{"line":7,"column":null}},"5":{"start":{"line":8,"column":0},"end":{"line":8,"column":null}},"6":{"start":{"line":9,"column":0},"end":{"line":9,"column":null}},"7":{"start":{"line":10,"column":0},"end":{"line":10,"column":null}},"8":{"start":{"line":12,"column":0},"end":{"line":12,"column":null}}},"fnMap":{},"branchMap":{},"s":{"0":1,"1":1,"2":1,"3":1,"4":1,"5":1,"6":1,"7":1,"8":1},"f":{},"b":{}}
,"/Users/User/bc-internship/bocacode-intranet-api-typescript/src/utils/mongoUtility.ts": {"path":"/Users/User/bc-internship/bocacode-intranet-api-typescript/src/utils/mongoUtility.ts","statementMap":{"0":{"start":{"line":1,"column":0},"end":{"line":1,"column":51}},"1":{"start":{"line":3,"column":0},"end":{"line":3,"column":null}},"2":{"start":{"line":5,"column":31},"end":{"line":23,"column":1}},"3":{"start":{"line":6,"column":2},"end":{"line":6,"column":null}},"4":{"start":{"line":7,"column":2},"end":{"line":22,"column":null}},"5":{"start":{"line":16,"column":6},"end":{"line":20,"column":null}},"6":{"start":{"line":17,"column":8},"end":{"line":17,"column":null}},"7":{"start":{"line":19,"column":8},"end":{"line":19,"column":null}},"8":{"start":{"line":22,"column":20},"end":{"line":22,"column":38}},"9":{"start":{"line":5,"column":13},"end":{"line":5,"column":31}}},"fnMap":{"0":{"name":"(anonymous_1)","decl":{"start":{"line":5,"column":31},"end":{"line":5,"column":36}},"loc":{"start":{"line":5,"column":42},"end":{"line":23,"column":1}}},"1":{"name":"(anonymous_2)","decl":{"start":{"line":15,"column":10},"end":{"line":15,"column":11}},"loc":{"start":{"line":15,"column":26},"end":{"line":21,"column":5}}},"2":{"name":"(anonymous_3)","decl":{"start":{"line":22,"column":11},"end":{"line":22,"column":12}},"loc":{"start":{"line":22,"column":20},"end":{"line":22,"column":38}}}},"branchMap":{"0":{"loc":{"start":{"line":16,"column":6},"end":{"line":20,"column":null}},"type":"if","locations":[{"start":{"line":16,"column":6},"end":{"line":20,"column":null}},{"start":{"line":18,"column":13},"end":{"line":20,"column":null}}]}},"s":{"0":1,"1":1,"2":1,"3":1,"4":1,"5":1,"6":1,"7":0,"8":0,"9":1},"f":{"0":1,"1":1,"2":0},"b":{"0":[1,0]}}
,"/Users/User/bc-internship/bocacode-intranet-api-typescript/src/utils/utils.ts": {"path":"/Users/User/bc-internship/bocacode-intranet-api-typescript/src/utils/utils.ts","statementMap":{"0":{"start":{"line":1,"column":30},"end":{"line":8,"column":1}},"1":{"start":{"line":2,"column":15},"end":{"line":2,"column":25}},"2":{"start":{"line":3,"column":16},"end":{"line":3,"column":35}},"3":{"start":{"line":4,"column":15},"end":{"line":4,"column":57}},"4":{"start":{"line":5,"column":19},"end":{"line":5,"column":71}},"5":{"start":{"line":7,"column":2},"end":{"line":7,"column":null}},"6":{"start":{"line":1,"column":13},"end":{"line":1,"column":30}}},"fnMap":{"0":{"name":"(anonymous_0)","decl":{"start":{"line":1,"column":30},"end":{"line":1,"column":33}},"loc":{"start":{"line":1,"column":35},"end":{"line":8,"column":1}}}},"branchMap":{},"s":{"0":1,"1":0,"2":0,"3":0,"4":0,"5":0,"6":1},"f":{"0":0},"b":{}}
}
